Log file open, 06/24/22 10:42:39
LogWindows: Failed to load 'aqProf.dll' (GetLastError=126)
LogWindows: File 'aqProf.dll' does not exist
LogWindows: Failed to load 'VtuneApi.dll' (GetLastError=126)
LogWindows: File 'VtuneApi.dll' does not exist
LogWindows: Failed to load 'VtuneApi32e.dll' (GetLastError=126)
LogWindows: File 'VtuneApi32e.dll' does not exist
LogConsoleResponse: Display: Failed to find resolution value strings in scalability ini. Falling back to default.
LogConsoleResponse: Display: Failed to find resolution value strings in scalability ini. Falling back to default.
LogInit: Display: Running engine for game: TacticalRPG
LogPlatformFile: Not using cached read wrapper
LogTaskGraph: Started task graph with 5 named threads and 35 total threads with 3 sets of task threads.
LogStats: Stats thread started at 1.314130
LogICUInternationalization: ICU TimeZone Detection - Raw Offset: +0:00, Platform Override: ''
LogInit: Display: Loading text-based GConfig....
LogPluginManager: Mounting plugin MeshPainting
LogPluginManager: Mounting plugin XGEController
LogPluginManager: Mounting plugin EnvironmentQueryEditor
LogPluginManager: Mounting plugin LightPropagationVolume
LogPluginManager: Mounting plugin AISupport
LogPluginManager: Mounting plugin Paper2D
LogPluginManager: Mounting plugin CameraShakePreviewer
LogPluginManager: Mounting plugin OodleData
LogPluginManager: Mounting plugin GameplayCameras
LogPluginManager: Mounting plugin AnimationSharing
LogPluginManager: Mounting plugin Niagara
LogPluginManager: Mounting plugin OodleNetwork
LogPluginManager: Mounting plugin CLionSourceCodeAccess
LogPluginManager: Mounting plugin PerforceSourceControl
LogPluginManager: Mounting plugin CodeLiteSourceCodeAccess
LogPluginManager: Mounting plugin GitSourceControl
LogPluginManager: Mounting plugin NullSourceCodeAccess
LogPluginManager: Mounting plugin PixWinPlugin
LogPluginManager: Mounting plugin KDevelopSourceCodeAccess
LogPluginManager: Mounting plugin PluginUtils
LogPluginManager: Mounting plugin RiderSourceCodeAccess
LogPluginManager: Mounting plugin PlasticSourceControl
LogPluginManager: Mounting plugin TextureFormatOodle
LogPluginManager: Mounting plugin SubversionSourceControl
LogPluginManager: Mounting plugin PropertyAccessNode
LogPluginManager: Mounting plugin UObjectPlugin
LogPluginManager: Mounting plugin DatasmithContent
LogPluginManager: Mounting plugin VisualStudioSourceCodeAccess
LogPluginManager: Mounting plugin VisualStudioCodeSourceCodeAccess
LogPluginManager: Mounting plugin XCodeSourceCodeAccess
LogPluginManager: Mounting plugin VariantManagerContent
LogPluginManager: Mounting plugin AssetManagerEditor
LogPluginManager: Mounting plugin AndroidMedia
LogPluginManager: Mounting plugin AvfMedia
LogPluginManager: Mounting plugin ImgMedia
LogPluginManager: Mounting plugin CryptoKeys
LogPluginManager: Mounting plugin CurveEditorTools
LogPluginManager: Mounting plugin GeometryMode
LogPluginManager: Mounting plugin DataValidation
LogPluginManager: Mounting plugin MaterialAnalyzer
LogPluginManager: Mounting plugin MacGraphicsSwitching
LogPluginManager: Mounting plugin FacialAnimation
LogPluginManager: Mounting plugin GameplayTagsEditor
LogPluginManager: Mounting plugin MobileLauncherProfileWizard
LogPluginManager: Mounting plugin TcpMessaging
LogPluginManager: Mounting plugin PluginBrowser
LogPluginManager: Mounting plugin UdpMessaging
LogPluginManager: Mounting plugin MediaCompositing
LogPluginManager: Mounting plugin MediaPlayerEditor
LogPluginManager: Mounting plugin SpeedTreeImporter
LogPluginManager: Mounting plugin WmfMedia
LogPluginManager: Mounting plugin WebMMedia
LogPluginManager: Mounting plugin AlembicImporter
LogPluginManager: Mounting plugin BackChannel
LogPluginManager: Mounting plugin ChaosCloth
LogPluginManager: Mounting plugin AutomationUtils
LogPluginManager: Mounting plugin ChaosNiagara
LogPluginManager: Mounting plugin ChaosClothEditor
LogPluginManager: Mounting plugin ChaosEditor
LogPluginManager: Mounting plugin ChaosSolverPlugin
LogPluginManager: Mounting plugin CharacterAI
LogPluginManager: Mounting plugin GeometryCollectionPlugin
LogPluginManager: Mounting plugin LuminPlatformFeatures
LogPluginManager: Mounting plugin GeometryCache
LogPluginManager: Mounting plugin MagicLeap
LogPluginManager: Mounting plugin MagicLeapLightEstimation
LogPluginManager: Mounting plugin MagicLeapPassableWorld
LogPluginManager: Mounting plugin MLSDK
LogPluginManager: Mounting plugin MagicLeapMedia
LogPluginManager: Mounting plugin GeometryProcessing
LogPluginManager: Mounting plugin MotoSynth
LogPluginManager: Mounting plugin OpenImageDenoise
LogPluginManager: Mounting plugin PythonScriptPlugin
LogPluginManager: Mounting plugin PlanarCut
LogPluginManager: Mounting plugin ProxyLODPlugin
LogPluginManager: Mounting plugin PlatformCrypto
LogPluginManager: Mounting plugin SkeletalReduction
LogPluginManager: Mounting plugin LauncherChunkInstaller
LogPluginManager: Mounting plugin ActorLayerUtilities
LogPluginManager: Mounting plugin AndroidMoviePlayer
LogPluginManager: Mounting plugin AndroidPermission
LogPluginManager: Mounting plugin AppleImageUtils
LogPluginManager: Mounting plugin AppleMoviePlayer
LogPluginManager: Mounting plugin AndroidDeviceProfileSelector
LogPluginManager: Mounting plugin AudioSynesthesia
LogPluginManager: Mounting plugin ChunkDownloader
LogPluginManager: Mounting plugin CableComponent
LogPluginManager: Mounting plugin EditableMesh
LogPluginManager: Mounting plugin ExampleDeviceProfileSelector
LogPluginManager: Mounting plugin AssetTags
LogPluginManager: Mounting plugin ArchVisCharacter
LogPluginManager: Mounting plugin GoogleCloudMessaging
LogPluginManager: Mounting plugin AudioCapture
LogPluginManager: Mounting plugin GooglePAD
LogPluginManager: Mounting plugin ActorSequence
LogPluginManager: Mounting plugin CustomMeshComponent
LogPluginManager: Mounting plugin LevelSequenceEditor
LogPluginManager: Mounting plugin MatineeToLevelSequence
LogPluginManager: Mounting plugin ScreenshotTools
LogPluginManager: Mounting plugin TemplateSequence
LogPluginManager: Mounting plugin IOSDeviceProfileSelector
LogPluginManager: Mounting plugin LinuxDeviceProfileSelector
LogPluginManager: Mounting plugin MobilePatchingUtils
LogPluginManager: Mounting plugin LocationServicesBPLibrary
LogPluginManager: Mounting plugin OpenXR
LogPluginManager: Mounting plugin OpenXRHandTracking
LogPluginManager: Mounting plugin OpenXREyeTracker
LogPluginManager: Mounting plugin PhysXVehicles
LogPluginManager: Mounting plugin PostSplashScreen
LogPluginManager: Mounting plugin PropertyAccessEditor
LogPluginManager: Mounting plugin Takes
LogPluginManager: Mounting plugin ProceduralMeshComponent
LogPluginManager: Mounting plugin RuntimePhysXCooking
LogPluginManager: Mounting plugin SoundFields
LogPluginManager: Mounting plugin SignificanceManager
LogPluginManager: Mounting plugin Synthesis
LogPluginManager: Mounting plugin WebMMoviePlayer
LogPluginManager: Mounting plugin WindowsMoviePlayer
LogPluginManager: Mounting plugin OnlineSubsystem
LogPluginManager: Mounting plugin OnlineSubsystemNull
LogPluginManager: Mounting plugin OnlineSubsystemUtils
LogPluginManager: Mounting plugin LiveLink
LogPluginManager: Mounting plugin ContentBrowserAssetDataSource
LogPluginManager: Mounting plugin ContentBrowserClassDataSource
LogPluginManager: Mounting plugin ContentBrowserFileDataSource
LogPluginManager: Mounting plugin OculusVR
LogPluginManager: Mounting plugin SteamVR
LogPluginManager: Mounting plugin OnlineSubsystemGooglePlay
LogPluginManager: Mounting plugin OnlineSubsystemIOS
PixWinPlugin: PIX capture plugin failed to initialize! Check that the process is launched from PIX.
LogInit: Using libcurl 7.55.1-DEV
LogInit:  - built for x86_64-pc-win32
LogInit:  - supports SSL with OpenSSL/1.1.1
LogInit:  - supports HTTP deflate (compression) using libz 1.2.8
LogInit:  - other features:
LogInit:      CURL_VERSION_SSL
LogInit:      CURL_VERSION_LIBZ
LogInit:      CURL_VERSION_IPV6
LogInit:      CURL_VERSION_ASYNCHDNS
LogInit:      CURL_VERSION_LARGEFILE
LogInit:      CURL_VERSION_IDN
LogInit:  CurlRequestOptions (configurable via config and command line):
LogInit:  - bVerifyPeer = true  - Libcurl will verify peer certificate
LogInit:  - bUseHttpProxy = false  - Libcurl will NOT use HTTP proxy
LogInit:  - bDontReuseConnections = false  - Libcurl will reuse connections
LogInit:  - MaxHostConnections = 16  - Libcurl will limit the number of connections to a host
LogInit:  - LocalHostAddr = Default
LogInit:  - BufferSize = 65536
LogOnline: OSS: Creating online subsystem instance for: NULL
LogInit: WinSock: version 1.1 (2.2), MaxSocks=32767, MaxUdp=65467
LogOnline: OSS: TryLoadSubsystemAndSetDefault: Loaded subsystem for module [NULL]
LogOculusPluginWrapper: OculusPlugin initialized successfully
LogHMD: Failed initializing OVRPlugin 1.59.0
LogInit: Build: ++UE4+Release-4.27-CL-18319896
LogInit: Engine Version: 4.27.2-18319896+++UE4+Release-4.27
LogInit: Compatible Engine Version: 4.27.0-17155196+++UE4+Release-4.27
LogInit: Net CL: 17155196
LogInit: OS: Windows 10 (Release 2009) (), CPU: Intel(R) Core(TM) i7-9750H CPU @ 2.60GHz, GPU: Intel(R) UHD Graphics 630
LogInit: Compiled (64-bit): Nov 30 2021 07:12:08
LogInit: Compiled with Visual C++: 19.24.28315.00
LogInit: Build Configuration: Development
LogInit: Branch Name: ++UE4+Release-4.27
LogInit: Command Line: 
LogInit: Base Directory: C:/Program Files/Epic Games/UE_4.27/Engine/Binaries/Win64/
LogInit: Allocator: TBB
LogInit: Installed Engine Build: 1
LogDevObjectVersion: Number of dev versions registered: 29
LogDevObjectVersion:   Dev-Blueprints (B0D832E4-1F89-4F0D-ACCF-7EB736FD4AA2): 10
LogDevObjectVersion:   Dev-Build (E1C64328-A22C-4D53-A36C-8E866417BD8C): 0
LogDevObjectVersion:   Dev-Core (375EC13C-06E4-48FB-B500-84F0262A717E): 4
LogDevObjectVersion:   Dev-Editor (E4B068ED-F494-42E9-A231-DA0B2E46BB41): 40
LogDevObjectVersion:   Dev-Framework (CFFC743F-43B0-4480-9391-14DF171D2073): 37
LogDevObjectVersion:   Dev-Mobile (B02B49B5-BB20-44E9-A304-32B752E40360): 3
LogDevObjectVersion:   Dev-Networking (A4E4105C-59A1-49B5-A7C5-40C4547EDFEE): 0
LogDevObjectVersion:   Dev-Online (39C831C9-5AE6-47DC-9A44-9C173E1C8E7C): 0
LogDevObjectVersion:   Dev-Physics (78F01B33-EBEA-4F98-B9B4-84EACCB95AA2): 14
LogDevObjectVersion:   Dev-Platform (6631380F-2D4D-43E0-8009-CF276956A95A): 0
LogDevObjectVersion:   Dev-Rendering (12F88B9F-8875-4AFC-A67C-D90C383ABD29): 45
LogDevObjectVersion:   Dev-Sequencer (7B5AE74C-D270-4C10-A958-57980B212A5A): 13
LogDevObjectVersion:   Dev-VR (D7296918-1DD6-4BDD-9DE2-64A83CC13884): 3
LogDevObjectVersion:   Dev-LoadTimes (C2A15278-BFE7-4AFE-6C17-90FF531DF755): 1
LogDevObjectVersion:   Private-Geometry (6EACA3D4-40EC-4CC1-B786-8BED09428FC5): 3
LogDevObjectVersion:   Dev-AnimPhys (29E575DD-E0A3-4627-9D10-D276232CDCEA): 17
LogDevObjectVersion:   Dev-Anim (AF43A65D-7FD3-4947-9873-3E8ED9C1BB05): 15
LogDevObjectVersion:   Dev-ReflectionCapture (6B266CEC-1EC7-4B8F-A30B-E4D90942FC07): 1
LogDevObjectVersion:   Dev-Automation (0DF73D61-A23F-47EA-B727-89E90C41499A): 1
LogDevObjectVersion:   FortniteMain (601D1886-AC64-4F84-AA16-D3DE0DEAC7D6): 47
LogDevObjectVersion:   FortniteRelease (E7086368-6B23-4C58-8439-1B7016265E91): 1
LogDevObjectVersion:   Dev-Enterprise (9DFFBCD6-494F-0158-E221-12823C92A888): 10
LogDevObjectVersion:   Dev-Niagara (F2AED0AC-9AFE-416F-8664-AA7FFA26D6FC): 1
LogDevObjectVersion:   Dev-Destruction (174F1F0B-B4C6-45A5-B13F-2EE8D0FB917D): 10
LogDevObjectVersion:   Dev-Physics-Ext (35F94A83-E258-406C-A318-09F59610247C): 41
LogDevObjectVersion:   Dev-PhysicsMaterial-Chaos (B68FC16E-8B1B-42E2-B453-215C058844FE): 1
LogDevObjectVersion:   Dev-CineCamera (B2E18506-4273-CFC2-A54E-F4BB758BBA07): 1
LogDevObjectVersion:   Dev-VirtualProduction (64F58936-FD1B-42BA-BA96-7289D5D0FA4E): 1
LogDevObjectVersion:   Dev-MediaFramework (6F0ED827-A609-4895-9C91-998D90180EA4): 2
LogInit: Presizing for max 25165824 objects, including 0 objects not considered by GC, pre-allocating 0 bytes for permanent pool.
LogConfig: Applying CVar settings from Section [/Script/Engine.StreamingSettings] File [C:/Users/LukeR/OneDrive/Documents/GitHub/TacticalRPGGame/TacticalRPG/Saved/Config/Windows/Engine.ini]
LogConfig: Setting CVar [[s.MinBulkDataSizeForAsyncLoading:131072]]
LogConfig: Setting CVar [[s.AsyncLoadingThreadEnabled:0]]
LogConfig: Setting CVar [[s.EventDrivenLoaderEnabled:1]]
LogConfig: Setting CVar [[s.WarnIfTimeLimitExceeded:0]]
LogConfig: Setting CVar [[s.TimeLimitExceededMultiplier:1.5]]
LogConfig: Setting CVar [[s.TimeLimitExceededMinTime:0.005]]
LogConfig: Setting CVar [[s.UseBackgroundLevelStreaming:1]]
LogConfig: Setting CVar [[s.PriorityAsyncLoadingExtraTime:15.0]]
LogConfig: Setting CVar [[s.LevelStreamingActorsUpdateTimeLimit:5.0]]
LogConfig: Setting CVar [[s.PriorityLevelStreamingActorsUpdateExtraTime:5.0]]
LogConfig: Setting CVar [[s.LevelStreamingComponentsRegistrationGranularity:10]]
LogConfig: Setting CVar [[s.UnregisterComponentsTimeLimit:1.0]]
LogConfig: Setting CVar [[s.LevelStreamingComponentsUnregistrationGranularity:5]]
LogConfig: Setting CVar [[s.FlushStreamingOnExit:1]]
LogInit: Object subsystem initialized
LogConfig: Setting CVar [[con.DebugEarlyDefault:1]]
LogConfig: Setting CVar [[r.setres:1280x720]]
[2022.06.24-09.42.41:024][  0]LogConfig: Setting CVar [[r.VSync:0]]
[2022.06.24-09.42.41:024][  0]LogConfig: Setting CVar [[r.RHICmdBypass:0]]
[2022.06.24-09.42.41:025][  0]LogConfig: Applying CVar settings from Section [/Script/Engine.RendererSettings] File [C:/Users/LukeR/OneDrive/Documents/GitHub/TacticalRPGGame/TacticalRPG/Saved/Config/Windows/Engine.ini]
[2022.06.24-09.42.41:025][  0]LogConfig: Setting CVar [[r.GPUCrashDebugging:0]]
[2022.06.24-09.42.41:025][  0]LogConfig: Applying CVar settings from Section [/Script/Engine.RendererOverrideSettings] File [C:/Users/LukeR/OneDrive/Documents/GitHub/TacticalRPGGame/TacticalRPG/Saved/Config/Windows/Engine.ini]
[2022.06.24-09.42.41:025][  0]LogConfig: Applying CVar settings from Section [/Script/Engine.StreamingSettings] File [C:/Users/LukeR/OneDrive/Documents/GitHub/TacticalRPGGame/TacticalRPG/Saved/Config/Windows/Engine.ini]
[2022.06.24-09.42.41:025][  0]LogConfig: Setting CVar [[s.MinBulkDataSizeForAsyncLoading:131072]]
[2022.06.24-09.42.41:025][  0]LogConfig: Setting CVar [[s.AsyncLoadingThreadEnabled:0]]
[2022.06.24-09.42.41:025][  0]LogConfig: Setting CVar [[s.EventDrivenLoaderEnabled:1]]
[2022.06.24-09.42.41:025][  0]LogConfig: Setting CVar [[s.WarnIfTimeLimitExceeded:0]]
[2022.06.24-09.42.41:025][  0]LogConfig: Setting CVar [[s.TimeLimitExceededMultiplier:1.5]]
[2022.06.24-09.42.41:025][  0]LogConfig: Setting CVar [[s.TimeLimitExceededMinTime:0.005]]
[2022.06.24-09.42.41:025][  0]LogConfig: Setting CVar [[s.UseBackgroundLevelStreaming:1]]
[2022.06.24-09.42.41:025][  0]LogConfig: Setting CVar [[s.PriorityAsyncLoadingExtraTime:15.0]]
[2022.06.24-09.42.41:025][  0]LogConfig: Setting CVar [[s.LevelStreamingActorsUpdateTimeLimit:5.0]]
[2022.06.24-09.42.41:025][  0]LogConfig: Setting CVar [[s.PriorityLevelStreamingActorsUpdateExtraTime:5.0]]
[2022.06.24-09.42.41:025][  0]LogConfig: Setting CVar [[s.LevelStreamingComponentsRegistrationGranularity:10]]
[2022.06.24-09.42.41:025][  0]LogConfig: Setting CVar [[s.UnregisterComponentsTimeLimit:1.0]]
[2022.06.24-09.42.41:025][  0]LogConfig: Setting CVar [[s.LevelStreamingComponentsUnregistrationGranularity:5]]
[2022.06.24-09.42.41:025][  0]LogConfig: Setting CVar [[s.FlushStreamingOnExit:1]]
[2022.06.24-09.42.41:025][  0]LogConfig: Applying CVar settings from Section [/Script/Engine.GarbageCollectionSettings] File [C:/Users/LukeR/OneDrive/Documents/GitHub/TacticalRPGGame/TacticalRPG/Saved/Config/Windows/Engine.ini]
[2022.06.24-09.42.41:025][  0]LogConfig: Setting CVar [[gc.MaxObjectsNotConsideredByGC:1]]
[2022.06.24-09.42.41:025][  0]LogConfig: Setting CVar [[gc.SizeOfPermanentObjectPool:0]]
[2022.06.24-09.42.41:025][  0]LogConfig: Setting CVar [[gc.FlushStreamingOnGC:0]]
[2022.06.24-09.42.41:025][  0]LogConfig: Setting CVar [[gc.NumRetriesBeforeForcingGC:10]]
[2022.06.24-09.42.41:025][  0]LogConfig: Setting CVar [[gc.AllowParallelGC:1]]
[2022.06.24-09.42.41:025][  0]LogConfig: Setting CVar [[gc.TimeBetweenPurgingPendingKillObjects:61.1]]
[2022.06.24-09.42.41:025][  0]LogConfig: Setting CVar [[gc.MaxObjectsInEditor:25165824]]
[2022.06.24-09.42.41:025][  0]LogConfig: Setting CVar [[gc.IncrementalBeginDestroyEnabled:1]]
[2022.06.24-09.42.41:025][  0]LogConfig: Setting CVar [[gc.CreateGCClusters:1]]
[2022.06.24-09.42.41:025][  0]LogConfig: Setting CVar [[gc.MinGCClusterSize:5]]
[2022.06.24-09.42.41:025][  0]LogConfig: Setting CVar [[gc.ActorClusteringEnabled:0]]
[2022.06.24-09.42.41:025][  0]LogConfig: Setting CVar [[gc.BlueprintClusteringEnabled:0]]
[2022.06.24-09.42.41:025][  0]LogConfig: Setting CVar [[gc.UseDisregardForGCOnDedicatedServers:0]]
[2022.06.24-09.42.41:025][  0]LogConfig: Setting CVar [[gc.MultithreadedDestructionEnabled:1]]
[2022.06.24-09.42.41:025][  0]LogConfig: Applying CVar settings from Section [/Script/Engine.NetworkSettings] File [C:/Users/LukeR/OneDrive/Documents/GitHub/TacticalRPGGame/TacticalRPG/Saved/Config/Windows/Engine.ini]
[2022.06.24-09.42.41:025][  0]LogConfig: Applying CVar settings from Section [/Script/UnrealEd.CookerSettings] File [C:/Users/LukeR/OneDrive/Documents/GitHub/TacticalRPGGame/TacticalRPG/Saved/Config/Windows/Engine.ini]
[2022.06.24-09.42.41:034][  0]LogConfig: Applying CVar settings from Section [ViewDistanceQuality@3] File [C:/Users/LukeR/OneDrive/Documents/GitHub/TacticalRPGGame/TacticalRPG/Saved/Config/Windows/Scalability.ini]
[2022.06.24-09.42.41:034][  0]LogConfig: Setting CVar [[r.SkeletalMeshLODBias:0]]
[2022.06.24-09.42.41:034][  0]LogConfig: Setting CVar [[r.ViewDistanceScale:1.0]]
[2022.06.24-09.42.41:034][  0]LogConfig: Applying CVar settings from Section [AntiAliasingQuality@3] File [C:/Users/LukeR/OneDrive/Documents/GitHub/TacticalRPGGame/TacticalRPG/Saved/Config/Windows/Scalability.ini]
[2022.06.24-09.42.41:034][  0]LogConfig: Setting CVar [[r.PostProcessAAQuality:4]]
[2022.06.24-09.42.41:034][  0]LogConfig: Applying CVar settings from Section [ShadowQuality@3] File [C:/Users/LukeR/OneDrive/Documents/GitHub/TacticalRPGGame/TacticalRPG/Saved/Config/Windows/Scalability.ini]
[2022.06.24-09.42.41:034][  0]LogConfig: Setting CVar [[r.LightFunctionQuality:1]]
[2022.06.24-09.42.41:034][  0]LogConfig: Setting CVar [[r.ShadowQuality:5]]
[2022.06.24-09.42.41:034][  0]LogConfig: Setting CVar [[r.Shadow.CSM.MaxCascades:10]]
[2022.06.24-09.42.41:034][  0]LogConfig: Setting CVar [[r.Shadow.MaxResolution:2048]]
[2022.06.24-09.42.41:034][  0]LogConfig: Setting CVar [[r.Shadow.MaxCSMResolution:2048]]
[2022.06.24-09.42.41:034][  0]LogConfig: Setting CVar [[r.Shadow.RadiusThreshold:0.01]]
[2022.06.24-09.42.41:034][  0]LogConfig: Setting CVar [[r.Shadow.DistanceScale:1.0]]
[2022.06.24-09.42.41:034][  0]LogConfig: Setting CVar [[r.Shadow.CSM.TransitionScale:1.0]]
[2022.06.24-09.42.41:034][  0]LogConfig: Setting CVar [[r.Shadow.PreShadowResolutionFactor:1.0]]
[2022.06.24-09.42.41:034][  0]LogConfig: Setting CVar [[r.DistanceFieldShadowing:1]]
[2022.06.24-09.42.41:034][  0]LogConfig: Setting CVar [[r.DistanceFieldAO:1]]
[2022.06.24-09.42.41:034][  0]LogConfig: Setting CVar [[r.AOQuality:2]]
[2022.06.24-09.42.41:034][  0]LogConfig: Setting CVar [[r.VolumetricFog:1]]
[2022.06.24-09.42.41:034][  0]LogConfig: Setting CVar [[r.VolumetricFog.GridPixelSize:8]]
[2022.06.24-09.42.41:034][  0]LogConfig: Setting CVar [[r.VolumetricFog.GridSizeZ:128]]
[2022.06.24-09.42.41:034][  0]LogConfig: Setting CVar [[r.VolumetricFog.HistoryMissSupersampleCount:4]]
[2022.06.24-09.42.41:034][  0]LogConfig: Setting CVar [[r.LightMaxDrawDistanceScale:1]]
[2022.06.24-09.42.41:034][  0]LogConfig: Setting CVar [[r.CapsuleShadows:1]]
[2022.06.24-09.42.41:034][  0]LogConfig: Applying CVar settings from Section [PostProcessQuality@3] File [C:/Users/LukeR/OneDrive/Documents/GitHub/TacticalRPGGame/TacticalRPG/Saved/Config/Windows/Scalability.ini]
[2022.06.24-09.42.41:034][  0]LogConfig: Setting CVar [[r.MotionBlurQuality:4]]
[2022.06.24-09.42.41:034][  0]LogConfig: Setting CVar [[r.AmbientOcclusionMipLevelFactor:0.4]]
[2022.06.24-09.42.41:034][  0]LogConfig: Setting CVar [[r.AmbientOcclusionMaxQuality:100]]
[2022.06.24-09.42.41:034][  0]LogConfig: Setting CVar [[r.AmbientOcclusionLevels:-1]]
[2022.06.24-09.42.41:034][  0]LogConfig: Setting CVar [[r.AmbientOcclusionRadiusScale:1.0]]
[2022.06.24-09.42.41:034][  0]LogConfig: Setting CVar [[r.DepthOfFieldQuality:2]]
[2022.06.24-09.42.41:034][  0]LogConfig: Setting CVar [[r.RenderTargetPoolMin:400]]
[2022.06.24-09.42.41:034][  0]LogConfig: Setting CVar [[r.LensFlareQuality:2]]
[2022.06.24-09.42.41:034][  0]LogConfig: Setting CVar [[r.SceneColorFringeQuality:1]]
[2022.06.24-09.42.41:034][  0]LogConfig: Setting CVar [[r.EyeAdaptationQuality:2]]
[2022.06.24-09.42.41:034][  0]LogConfig: Setting CVar [[r.BloomQuality:5]]
[2022.06.24-09.42.41:034][  0]LogConfig: Setting CVar [[r.FastBlurThreshold:100]]
[2022.06.24-09.42.41:034][  0]LogConfig: Setting CVar [[r.Upscale.Quality:3]]
[2022.06.24-09.42.41:034][  0]LogConfig: Setting CVar [[r.Tonemapper.GrainQuantization:1]]
[2022.06.24-09.42.41:034][  0]LogConfig: Setting CVar [[r.LightShaftQuality:1]]
[2022.06.24-09.42.41:034][  0]LogConfig: Setting CVar [[r.Filter.SizeScale:1]]
[2022.06.24-09.42.41:034][  0]LogConfig: Setting CVar [[r.Tonemapper.Quality:5]]
[2022.06.24-09.42.41:034][  0]LogConfig: Setting CVar [[r.DOF.Gather.AccumulatorQuality:1        ; higher gathering accumulator quality]]
[2022.06.24-09.42.41:034][  0]LogConfig: Setting CVar [[r.DOF.Gather.PostfilterMethod:1          ; Median3x3 postfilering method]]
[2022.06.24-09.42.41:034][  0]LogConfig: Setting CVar [[r.DOF.Gather.EnableBokehSettings:0       ; no bokeh simulation when gathering]]
[2022.06.24-09.42.41:034][  0]LogConfig: Setting CVar [[r.DOF.Gather.RingCount:4                 ; medium number of samples when gathering]]
[2022.06.24-09.42.41:034][  0]LogConfig: Setting CVar [[r.DOF.Scatter.ForegroundCompositing:1    ; additive foreground scattering]]
[2022.06.24-09.42.41:034][  0]LogConfig: Setting CVar [[r.DOF.Scatter.BackgroundCompositing:2    ; additive background scattering]]
[2022.06.24-09.42.41:034][  0]LogConfig: Setting CVar [[r.DOF.Scatter.EnableBokehSettings:1      ; bokeh simulation when scattering]]
[2022.06.24-09.42.41:034][  0]LogConfig: Setting CVar [[r.DOF.Scatter.MaxSpriteRatio:0.1         ; only a maximum of 10% of scattered bokeh]]
[2022.06.24-09.42.41:034][  0]LogConfig: Setting CVar [[r.DOF.Recombine.Quality:1                ; cheap slight out of focus]]
[2022.06.24-09.42.41:034][  0]LogConfig: Setting CVar [[r.DOF.Recombine.EnableBokehSettings:0    ; no bokeh simulation on slight out of focus]]
[2022.06.24-09.42.41:034][  0]LogConfig: Setting CVar [[r.DOF.TemporalAAQuality:1                ; more stable temporal accumulation]]
[2022.06.24-09.42.41:034][  0]LogConfig: Setting CVar [[r.DOF.Kernel.MaxForegroundRadius:0.025]]
[2022.06.24-09.42.41:034][  0]LogConfig: Setting CVar [[r.DOF.Kernel.MaxBackgroundRadius:0.025]]
[2022.06.24-09.42.41:034][  0]LogConfig: Applying CVar settings from Section [TextureQuality@3] File [C:/Users/LukeR/OneDrive/Documents/GitHub/TacticalRPGGame/TacticalRPG/Saved/Config/Windows/Scalability.ini]
[2022.06.24-09.42.41:034][  0]LogConfig: Setting CVar [[r.Streaming.MipBias:0]]
[2022.06.24-09.42.41:034][  0]LogConfig: Setting CVar [[r.Streaming.AmortizeCPUToGPUCopy:0]]
[2022.06.24-09.42.41:034][  0]LogConfig: Setting CVar [[r.Streaming.MaxNumTexturesToStreamPerFrame:0]]
[2022.06.24-09.42.41:034][  0]LogConfig: Setting CVar [[r.Streaming.Boost:1]]
[2022.06.24-09.42.41:034][  0]LogConfig: Setting CVar [[r.MaxAnisotropy:8]]
[2022.06.24-09.42.41:035][  0]LogConfig: Setting CVar [[r.VT.MaxAnisotropy:8]]
[2022.06.24-09.42.41:035][  0]LogConfig: Setting CVar [[r.Streaming.LimitPoolSizeToVRAM:0]]
[2022.06.24-09.42.41:035][  0]LogConfig: Setting CVar [[r.Streaming.PoolSize:1000]]
[2022.06.24-09.42.41:035][  0]LogConfig: Setting CVar [[r.Streaming.MaxEffectiveScreenSize:0]]
[2022.06.24-09.42.41:035][  0]LogConfig: Applying CVar settings from Section [EffectsQuality@3] File [C:/Users/LukeR/OneDrive/Documents/GitHub/TacticalRPGGame/TacticalRPG/Saved/Config/Windows/Scalability.ini]
[2022.06.24-09.42.41:035][  0]LogConfig: Setting CVar [[r.TranslucencyLightingVolumeDim:64]]
[2022.06.24-09.42.41:035][  0]LogConfig: Setting CVar [[r.RefractionQuality:2]]
[2022.06.24-09.42.41:035][  0]LogConfig: Setting CVar [[r.SSR.Quality:3]]
[2022.06.24-09.42.41:035][  0]LogConfig: Setting CVar [[r.SSR.HalfResSceneColor:0]]
[2022.06.24-09.42.41:035][  0]LogConfig: Setting CVar [[r.SceneColorFormat:4]]
[2022.06.24-09.42.41:035][  0]LogConfig: Setting CVar [[r.DetailMode:2]]
[2022.06.24-09.42.41:035][  0]LogConfig: Setting CVar [[r.TranslucencyVolumeBlur:1]]
[2022.06.24-09.42.41:035][  0]LogConfig: Setting CVar [[r.MaterialQualityLevel:1 ; High quality]]
[2022.06.24-09.42.41:035][  0]LogConfig: Setting CVar [[r.AnisotropicMaterials:1]]
[2022.06.24-09.42.41:035][  0]LogConfig: Setting CVar [[r.SSS.Scale:1]]
[2022.06.24-09.42.41:035][  0]LogConfig: Setting CVar [[r.SSS.SampleSet:2]]
[2022.06.24-09.42.41:035][  0]LogConfig: Setting CVar [[r.SSS.Quality:1]]
[2022.06.24-09.42.41:035][  0]LogConfig: Setting CVar [[r.SSS.HalfRes:0]]
[2022.06.24-09.42.41:035][  0]LogConfig: Setting CVar [[r.SSGI.Quality:3]]
[2022.06.24-09.42.41:035][  0]LogConfig: Setting CVar [[r.EmitterSpawnRateScale:1.0]]
[2022.06.24-09.42.41:035][  0]LogConfig: Setting CVar [[r.ParticleLightQuality:2]]
[2022.06.24-09.42.41:035][  0]LogConfig: Setting CVar [[r.SkyAtmosphere.AerialPerspectiveLUT.FastApplyOnOpaque:1 ; Always have FastSkyLUT 1 in this case to avoid wrong sky]]
[2022.06.24-09.42.41:035][  0]LogConfig: Setting CVar [[r.SkyAtmosphere.AerialPerspectiveLUT.SampleCountMaxPerSlice:4]]
[2022.06.24-09.42.41:035][  0]LogConfig: Setting CVar [[r.SkyAtmosphere.AerialPerspectiveLUT.DepthResolution:16.0]]
[2022.06.24-09.42.41:035][  0]LogConfig: Setting CVar [[r.SkyAtmosphere.FastSkyLUT:1]]
[2022.06.24-09.42.41:035][  0]LogConfig: Setting CVar [[r.SkyAtmosphere.FastSkyLUT.SampleCountMin:4.0]]
[2022.06.24-09.42.41:035][  0]LogConfig: Setting CVar [[r.SkyAtmosphere.FastSkyLUT.SampleCountMax:128.0]]
[2022.06.24-09.42.41:035][  0]LogConfig: Setting CVar [[r.SkyAtmosphere.SampleCountMin:4.0]]
[2022.06.24-09.42.41:035][  0]LogConfig: Setting CVar [[r.SkyAtmosphere.SampleCountMax:128.0]]
[2022.06.24-09.42.41:035][  0]LogConfig: Setting CVar [[r.SkyAtmosphere.TransmittanceLUT.UseSmallFormat:0]]
[2022.06.24-09.42.41:036][  0]LogConfig: Setting CVar [[r.SkyAtmosphere.TransmittanceLUT.SampleCount:10.0]]
[2022.06.24-09.42.41:036][  0]LogConfig: Setting CVar [[r.SkyAtmosphere.MultiScatteringLUT.SampleCount:15.0]]
[2022.06.24-09.42.41:036][  0]LogConfig: Setting CVar [[r.SkyLight.RealTimeReflectionCapture:1]]
[2022.06.24-09.42.41:036][  0]LogConfig: Applying CVar settings from Section [FoliageQuality@3] File [C:/Users/LukeR/OneDrive/Documents/GitHub/TacticalRPGGame/TacticalRPG/Saved/Config/Windows/Scalability.ini]
[2022.06.24-09.42.41:036][  0]LogConfig: Setting CVar [[foliage.DensityScale:1.0]]
[2022.06.24-09.42.41:036][  0]LogConfig: Setting CVar [[grass.DensityScale:1.0]]
[2022.06.24-09.42.41:036][  0]LogConfig: Applying CVar settings from Section [ShadingQuality@3] File [C:/Users/LukeR/OneDrive/Documents/GitHub/TacticalRPGGame/TacticalRPG/Saved/Config/Windows/Scalability.ini]
[2022.06.24-09.42.41:036][  0]LogConfig: Setting CVar [[r.HairStrands.SkyLighting.IntegrationType:2]]
[2022.06.24-09.42.41:036][  0]LogConfig: Setting CVar [[r.HairStrands.SkyAO.SampleCount:4]]
[2022.06.24-09.42.41:036][  0]LogConfig: Setting CVar [[r.HairStrands.Visibility.MSAA.SamplePerPixel:4]]
[2022.06.24-09.42.41:037][  0]LogInit: Selected Device Profile: [Windows]
[2022.06.24-09.42.41:038][  0]LogInit: Applying CVar settings loaded from the selected device profile: [Windows]
[2022.06.24-09.42.41:039][  0]LogHAL: Display: Platform has ~ 8 GB [8383946752 / 8589934592 / 8], which maps to Default [LargestMinGB=32, LargerMinGB=12, DefaultMinGB=8, SmallerMinGB=6, SmallestMinGB=0)
[2022.06.24-09.42.41:039][  0]LogInit: Going up to parent DeviceProfile []
[2022.06.24-09.42.41:040][  0]LogConfig: Applying CVar settings from Section [ViewDistanceQuality@3] File [C:/Users/LukeR/OneDrive/Documents/GitHub/TacticalRPGGame/TacticalRPG/Saved/Config/Windows/Scalability.ini]
[2022.06.24-09.42.41:040][  0]LogConfig: Setting CVar [[r.SkeletalMeshLODBias:0]]
[2022.06.24-09.42.41:040][  0]LogConfig: Setting CVar [[r.ViewDistanceScale:1.0]]
[2022.06.24-09.42.41:040][  0]LogConfig: Applying CVar settings from Section [AntiAliasingQuality@3] File [C:/Users/LukeR/OneDrive/Documents/GitHub/TacticalRPGGame/TacticalRPG/Saved/Config/Windows/Scalability.ini]
[2022.06.24-09.42.41:040][  0]LogConfig: Setting CVar [[r.PostProcessAAQuality:4]]
[2022.06.24-09.42.41:040][  0]LogConfig: Applying CVar settings from Section [ShadowQuality@3] File [C:/Users/LukeR/OneDrive/Documents/GitHub/TacticalRPGGame/TacticalRPG/Saved/Config/Windows/Scalability.ini]
[2022.06.24-09.42.41:040][  0]LogConfig: Setting CVar [[r.LightFunctionQuality:1]]
[2022.06.24-09.42.41:040][  0]LogConfig: Setting CVar [[r.ShadowQuality:5]]
[2022.06.24-09.42.41:040][  0]LogConfig: Setting CVar [[r.Shadow.CSM.MaxCascades:10]]
[2022.06.24-09.42.41:040][  0]LogConfig: Setting CVar [[r.Shadow.MaxResolution:2048]]
[2022.06.24-09.42.41:040][  0]LogConfig: Setting CVar [[r.Shadow.MaxCSMResolution:2048]]
[2022.06.24-09.42.41:040][  0]LogConfig: Setting CVar [[r.Shadow.RadiusThreshold:0.01]]
[2022.06.24-09.42.41:040][  0]LogConfig: Setting CVar [[r.Shadow.DistanceScale:1.0]]
[2022.06.24-09.42.41:040][  0]LogConfig: Setting CVar [[r.Shadow.CSM.TransitionScale:1.0]]
[2022.06.24-09.42.41:040][  0]LogConfig: Setting CVar [[r.Shadow.PreShadowResolutionFactor:1.0]]
[2022.06.24-09.42.41:040][  0]LogConfig: Setting CVar [[r.DistanceFieldShadowing:1]]
[2022.06.24-09.42.41:040][  0]LogConfig: Setting CVar [[r.DistanceFieldAO:1]]
[2022.06.24-09.42.41:040][  0]LogConfig: Setting CVar [[r.AOQuality:2]]
[2022.06.24-09.42.41:040][  0]LogConfig: Setting CVar [[r.VolumetricFog:1]]
[2022.06.24-09.42.41:040][  0]LogConfig: Setting CVar [[r.VolumetricFog.GridPixelSize:8]]
[2022.06.24-09.42.41:040][  0]LogConfig: Setting CVar [[r.VolumetricFog.GridSizeZ:128]]
[2022.06.24-09.42.41:040][  0]LogConfig: Setting CVar [[r.VolumetricFog.HistoryMissSupersampleCount:4]]
[2022.06.24-09.42.41:040][  0]LogConfig: Setting CVar [[r.LightMaxDrawDistanceScale:1]]
[2022.06.24-09.42.41:040][  0]LogConfig: Setting CVar [[r.CapsuleShadows:1]]
[2022.06.24-09.42.41:040][  0]LogConfig: Applying CVar settings from Section [PostProcessQuality@3] File [C:/Users/LukeR/OneDrive/Documents/GitHub/TacticalRPGGame/TacticalRPG/Saved/Config/Windows/Scalability.ini]
[2022.06.24-09.42.41:040][  0]LogConfig: Setting CVar [[r.MotionBlurQuality:4]]
[2022.06.24-09.42.41:040][  0]LogConfig: Setting CVar [[r.AmbientOcclusionMipLevelFactor:0.4]]
[2022.06.24-09.42.41:040][  0]LogConfig: Setting CVar [[r.AmbientOcclusionMaxQuality:100]]
[2022.06.24-09.42.41:040][  0]LogConfig: Setting CVar [[r.AmbientOcclusionLevels:-1]]
[2022.06.24-09.42.41:040][  0]LogConfig: Setting CVar [[r.AmbientOcclusionRadiusScale:1.0]]
[2022.06.24-09.42.41:040][  0]LogConfig: Setting CVar [[r.DepthOfFieldQuality:2]]
[2022.06.24-09.42.41:040][  0]LogConfig: Setting CVar [[r.RenderTargetPoolMin:400]]
[2022.06.24-09.42.41:040][  0]LogConfig: Setting CVar [[r.LensFlareQuality:2]]
[2022.06.24-09.42.41:040][  0]LogConfig: Setting CVar [[r.SceneColorFringeQuality:1]]
[2022.06.24-09.42.41:040][  0]LogConfig: Setting CVar [[r.EyeAdaptationQuality:2]]
[2022.06.24-09.42.41:040][  0]LogConfig: Setting CVar [[r.BloomQuality:5]]
[2022.06.24-09.42.41:040][  0]LogConfig: Setting CVar [[r.FastBlurThreshold:100]]
[2022.06.24-09.42.41:040][  0]LogConfig: Setting CVar [[r.Upscale.Quality:3]]
[2022.06.24-09.42.41:040][  0]LogConfig: Setting CVar [[r.Tonemapper.GrainQuantization:1]]
[2022.06.24-09.42.41:040][  0]LogConfig: Setting CVar [[r.LightShaftQuality:1]]
[2022.06.24-09.42.41:040][  0]LogConfig: Setting CVar [[r.Filter.SizeScale:1]]
[2022.06.24-09.42.41:040][  0]LogConfig: Setting CVar [[r.Tonemapper.Quality:5]]
[2022.06.24-09.42.41:040][  0]LogConfig: Setting CVar [[r.DOF.Gather.AccumulatorQuality:1        ; higher gathering accumulator quality]]
[2022.06.24-09.42.41:040][  0]LogConfig: Setting CVar [[r.DOF.Gather.PostfilterMethod:1          ; Median3x3 postfilering method]]
[2022.06.24-09.42.41:040][  0]LogConfig: Setting CVar [[r.DOF.Gather.EnableBokehSettings:0       ; no bokeh simulation when gathering]]
[2022.06.24-09.42.41:040][  0]LogConfig: Setting CVar [[r.DOF.Gather.RingCount:4                 ; medium number of samples when gathering]]
[2022.06.24-09.42.41:040][  0]LogConfig: Setting CVar [[r.DOF.Scatter.ForegroundCompositing:1    ; additive foreground scattering]]
[2022.06.24-09.42.41:040][  0]LogConfig: Setting CVar [[r.DOF.Scatter.BackgroundCompositing:2    ; additive background scattering]]
[2022.06.24-09.42.41:040][  0]LogConfig: Setting CVar [[r.DOF.Scatter.EnableBokehSettings:1      ; bokeh simulation when scattering]]
[2022.06.24-09.42.41:040][  0]LogConfig: Setting CVar [[r.DOF.Scatter.MaxSpriteRatio:0.1         ; only a maximum of 10% of scattered bokeh]]
[2022.06.24-09.42.41:040][  0]LogConfig: Setting CVar [[r.DOF.Recombine.Quality:1                ; cheap slight out of focus]]
[2022.06.24-09.42.41:040][  0]LogConfig: Setting CVar [[r.DOF.Recombine.EnableBokehSettings:0    ; no bokeh simulation on slight out of focus]]
[2022.06.24-09.42.41:040][  0]LogConfig: Setting CVar [[r.DOF.TemporalAAQuality:1                ; more stable temporal accumulation]]
[2022.06.24-09.42.41:040][  0]LogConfig: Setting CVar [[r.DOF.Kernel.MaxForegroundRadius:0.025]]
[2022.06.24-09.42.41:040][  0]LogConfig: Setting CVar [[r.DOF.Kernel.MaxBackgroundRadius:0.025]]
[2022.06.24-09.42.41:040][  0]LogConfig: Applying CVar settings from Section [TextureQuality@3] File [C:/Users/LukeR/OneDrive/Documents/GitHub/TacticalRPGGame/TacticalRPG/Saved/Config/Windows/Scalability.ini]
[2022.06.24-09.42.41:040][  0]LogConfig: Setting CVar [[r.Streaming.MipBias:0]]
[2022.06.24-09.42.41:040][  0]LogConfig: Setting CVar [[r.Streaming.AmortizeCPUToGPUCopy:0]]
[2022.06.24-09.42.41:040][  0]LogConfig: Setting CVar [[r.Streaming.MaxNumTexturesToStreamPerFrame:0]]
[2022.06.24-09.42.41:040][  0]LogConfig: Setting CVar [[r.Streaming.Boost:1]]
[2022.06.24-09.42.41:040][  0]LogConfig: Setting CVar [[r.MaxAnisotropy:8]]
[2022.06.24-09.42.41:040][  0]LogConfig: Setting CVar [[r.VT.MaxAnisotropy:8]]
[2022.06.24-09.42.41:040][  0]LogConfig: Setting CVar [[r.Streaming.LimitPoolSizeToVRAM:0]]
[2022.06.24-09.42.41:040][  0]LogConfig: Setting CVar [[r.Streaming.PoolSize:1000]]
[2022.06.24-09.42.41:040][  0]LogConfig: Setting CVar [[r.Streaming.MaxEffectiveScreenSize:0]]
[2022.06.24-09.42.41:040][  0]LogConfig: Applying CVar settings from Section [EffectsQuality@3] File [C:/Users/LukeR/OneDrive/Documents/GitHub/TacticalRPGGame/TacticalRPG/Saved/Config/Windows/Scalability.ini]
[2022.06.24-09.42.41:040][  0]LogConfig: Setting CVar [[r.TranslucencyLightingVolumeDim:64]]
[2022.06.24-09.42.41:040][  0]LogConfig: Setting CVar [[r.RefractionQuality:2]]
[2022.06.24-09.42.41:040][  0]LogConfig: Setting CVar [[r.SSR.Quality:3]]
[2022.06.24-09.42.41:040][  0]LogConfig: Setting CVar [[r.SSR.HalfResSceneColor:0]]
[2022.06.24-09.42.41:040][  0]LogConfig: Setting CVar [[r.SceneColorFormat:4]]
[2022.06.24-09.42.41:040][  0]LogConfig: Setting CVar [[r.DetailMode:2]]
[2022.06.24-09.42.41:040][  0]LogConfig: Setting CVar [[r.TranslucencyVolumeBlur:1]]
[2022.06.24-09.42.41:040][  0]LogConfig: Setting CVar [[r.MaterialQualityLevel:1 ; High quality]]
[2022.06.24-09.42.41:040][  0]LogConfig: Setting CVar [[r.AnisotropicMaterials:1]]
[2022.06.24-09.42.41:040][  0]LogConfig: Setting CVar [[r.SSS.Scale:1]]
[2022.06.24-09.42.41:040][  0]LogConfig: Setting CVar [[r.SSS.SampleSet:2]]
[2022.06.24-09.42.41:040][  0]LogConfig: Setting CVar [[r.SSS.Quality:1]]
[2022.06.24-09.42.41:040][  0]LogConfig: Setting CVar [[r.SSS.HalfRes:0]]
[2022.06.24-09.42.41:040][  0]LogConfig: Setting CVar [[r.SSGI.Quality:3]]
[2022.06.24-09.42.41:040][  0]LogConfig: Setting CVar [[r.EmitterSpawnRateScale:1.0]]
[2022.06.24-09.42.41:040][  0]LogConfig: Setting CVar [[r.ParticleLightQuality:2]]
[2022.06.24-09.42.41:040][  0]LogConfig: Setting CVar [[r.SkyAtmosphere.AerialPerspectiveLUT.FastApplyOnOpaque:1 ; Always have FastSkyLUT 1 in this case to avoid wrong sky]]
[2022.06.24-09.42.41:040][  0]LogConfig: Setting CVar [[r.SkyAtmosphere.AerialPerspectiveLUT.SampleCountMaxPerSlice:4]]
[2022.06.24-09.42.41:040][  0]LogConfig: Setting CVar [[r.SkyAtmosphere.AerialPerspectiveLUT.DepthResolution:16.0]]
[2022.06.24-09.42.41:040][  0]LogConfig: Setting CVar [[r.SkyAtmosphere.FastSkyLUT:1]]
[2022.06.24-09.42.41:040][  0]LogConfig: Setting CVar [[r.SkyAtmosphere.FastSkyLUT.SampleCountMin:4.0]]
[2022.06.24-09.42.41:040][  0]LogConfig: Setting CVar [[r.SkyAtmosphere.FastSkyLUT.SampleCountMax:128.0]]
[2022.06.24-09.42.41:041][  0]LogConfig: Setting CVar [[r.SkyAtmosphere.SampleCountMin:4.0]]
[2022.06.24-09.42.41:041][  0]LogConfig: Setting CVar [[r.SkyAtmosphere.SampleCountMax:128.0]]
[2022.06.24-09.42.41:041][  0]LogConfig: Setting CVar [[r.SkyAtmosphere.TransmittanceLUT.UseSmallFormat:0]]
[2022.06.24-09.42.41:041][  0]LogConfig: Setting CVar [[r.SkyAtmosphere.TransmittanceLUT.SampleCount:10.0]]
[2022.06.24-09.42.41:041][  0]LogConfig: Setting CVar [[r.SkyAtmosphere.MultiScatteringLUT.SampleCount:15.0]]
[2022.06.24-09.42.41:041][  0]LogConfig: Setting CVar [[r.SkyLight.RealTimeReflectionCapture:1]]
[2022.06.24-09.42.41:041][  0]LogConfig: Applying CVar settings from Section [FoliageQuality@3] File [C:/Users/LukeR/OneDrive/Documents/GitHub/TacticalRPGGame/TacticalRPG/Saved/Config/Windows/Scalability.ini]
[2022.06.24-09.42.41:041][  0]LogConfig: Setting CVar [[foliage.DensityScale:1.0]]
[2022.06.24-09.42.41:041][  0]LogConfig: Setting CVar [[grass.DensityScale:1.0]]
[2022.06.24-09.42.41:041][  0]LogConfig: Applying CVar settings from Section [ShadingQuality@3] File [C:/Users/LukeR/OneDrive/Documents/GitHub/TacticalRPGGame/TacticalRPG/Saved/Config/Windows/Scalability.ini]
[2022.06.24-09.42.41:041][  0]LogConfig: Setting CVar [[r.HairStrands.SkyLighting.IntegrationType:2]]
[2022.06.24-09.42.41:041][  0]LogConfig: Setting CVar [[r.HairStrands.SkyAO.SampleCount:4]]
[2022.06.24-09.42.41:041][  0]LogConfig: Setting CVar [[r.HairStrands.Visibility.MSAA.SamplePerPixel:4]]
[2022.06.24-09.42.41:041][  0]LogConfig: Applying CVar settings from Section [Startup] File [../../../Engine/Config/ConsoleVariables.ini]
[2022.06.24-09.42.41:042][  0]LogConfig: Setting CVar [[net.UseAdaptiveNetUpdateFrequency:0]]
[2022.06.24-09.42.41:042][  0]LogConfig: Setting CVar [[p.chaos.AllowCreatePhysxBodies:1]]
[2022.06.24-09.42.41:042][  0]LogConfig: Setting CVar [[fx.SkipVectorVMBackendOptimizations:1]]
[2022.06.24-09.42.41:042][  0]LogConfig: Applying CVar settings from Section [ConsoleVariables] File [C:/Users/LukeR/OneDrive/Documents/GitHub/TacticalRPGGame/TacticalRPG/Saved/Config/Windows/Engine.ini]
[2022.06.24-09.42.41:042][  0]LogConfig: Applying CVar settings from Section [ConsoleVariables] File [C:/Users/LukeR/OneDrive/Documents/GitHub/TacticalRPGGame/TacticalRPG/Saved/Config/Windows/Editor.ini]
[2022.06.24-09.42.41:043][  0]LogInit: Computer: DESKTOP-A03C4ER
[2022.06.24-09.42.41:043][  0]LogInit: User: LukeR
[2022.06.24-09.42.41:043][  0]LogInit: CPU Page size=4096, Cores=6
[2022.06.24-09.42.41:043][  0]LogInit: High frequency timer resolution =10.000000 MHz
[2022.06.24-09.42.41:043][  0]LogMemory: Memory total: Physical=7.8GB (8GB approx)
[2022.06.24-09.42.41:043][  0]LogMemory: Platform Memory Stats for Windows
[2022.06.24-09.42.41:043][  0]LogMemory: Process Physical Memory: 142.41 MB used, 142.42 MB peak
[2022.06.24-09.42.41:043][  0]LogMemory: Process Virtual Memory: 125.83 MB used, 125.83 MB peak
[2022.06.24-09.42.41:043][  0]LogMemory: Physical Memory: 5288.16 MB used,  2707.39 MB free, 7995.55 MB total
[2022.06.24-09.42.41:043][  0]LogMemory: Virtual Memory: 134206024.00 MB used,  11707.35 MB free, 134217728.00 MB total
[2022.06.24-09.42.41:050][  0]LogWindows: WindowsPlatformFeatures enabled
[2022.06.24-09.42.41:252][  0]LogInit: Physics initialised using underlying interface: PhysX
[2022.06.24-09.42.41:255][  0]LogInit: Using OS detected language (en-GB).
[2022.06.24-09.42.41:255][  0]LogInit: Using OS detected locale (en-GB).
[2022.06.24-09.42.41:268][  0]LogTextLocalizationManager: No specific localization for 'en-GB' exists, so the 'en' localization will be used.
[2022.06.24-09.42.41:562][  0]LogInit: Setting process to per monitor DPI aware
[2022.06.24-09.42.41:581][  0]LogWindowsTextInputMethodSystem: Display: IME system deactivated.
[2022.06.24-09.42.41:632][  0]LogSlate: New Slate User Created.  User Index 0, Is Virtual User: 0
[2022.06.24-09.42.41:632][  0]LogSlate: Slate User Registered.  User Index 0, Is Virtual User: 0
[2022.06.24-09.42.41:913][  0]LogD3D11RHI: Loaded GFSDK_Aftermath_Lib.x64.dll
[2022.06.24-09.42.41:956][  0]LogHMD: Failed to initialize OpenVR with code 110
[2022.06.24-09.42.41:956][  0]LogD3D11RHI: D3D11 min allowed feature level: 11_0
[2022.06.24-09.42.41:956][  0]LogD3D11RHI: D3D11 max allowed feature level: 11_0
[2022.06.24-09.42.41:956][  0]LogD3D11RHI: D3D11 adapters:
[2022.06.24-09.42.42:237][  0]LogD3D11RHI:    0. 'NVIDIA GeForce GTX 1660 Ti' (Feature Level 11_0)
[2022.06.24-09.42.42:237][  0]LogD3D11RHI:       5991/0/3997 MB DedicatedVideo/DedicatedSystem/SharedSystem, Outputs:1, VendorId:0x10de
[2022.06.24-09.42.42:278][  0]LogD3D11RHI:    1. 'Intel(R) UHD Graphics 630' (Feature Level 11_0)
[2022.06.24-09.42.42:278][  0]LogD3D11RHI:       128/0/3997 MB DedicatedVideo/DedicatedSystem/SharedSystem, Outputs:0, VendorId:0x8086
[2022.06.24-09.42.42:282][  0]LogD3D11RHI:    2. 'Microsoft Basic Render Driver' (Feature Level 11_0)
[2022.06.24-09.42.42:282][  0]LogD3D11RHI:       0/0/3997 MB DedicatedVideo/DedicatedSystem/SharedSystem, Outputs:0, VendorId:0x1414
[2022.06.24-09.42.42:282][  0]LogD3D11RHI: Chosen D3D11 Adapter:
[2022.06.24-09.42.42:282][  0]LogD3D11RHI:     Description : NVIDIA GeForce GTX 1660 Ti
[2022.06.24-09.42.42:282][  0]LogD3D11RHI:     VendorId    : 10de
[2022.06.24-09.42.42:282][  0]LogD3D11RHI:     DeviceId    : 2191
[2022.06.24-09.42.42:282][  0]LogD3D11RHI:     SubSysId    : 85501558
[2022.06.24-09.42.42:282][  0]LogD3D11RHI:     Revision    : 00a1
[2022.06.24-09.42.42:282][  0]LogD3D11RHI:     DedicatedVideoMemory : 6282018816 bytes
[2022.06.24-09.42.42:282][  0]LogD3D11RHI:     DedicatedSystemMemory : 0 bytes
[2022.06.24-09.42.42:282][  0]LogD3D11RHI:     SharedSystemMemory : 4191973376 bytes
[2022.06.24-09.42.42:282][  0]LogD3D11RHI:     AdapterLuid : 0 58997
[2022.06.24-09.42.42:289][  0]LogD3D11RHI: Creating new Direct3DDevice
[2022.06.24-09.42.42:289][  0]LogD3D11RHI:     GPU DeviceId: 0x2191 (for the marketing name, search the web for "GPU Device Id")
[2022.06.24-09.42.42:289][  0]LogWindows: EnumDisplayDevices:
[2022.06.24-09.42.42:289][  0]LogWindows:    0. 'Intel(R) UHD Graphics 630' (P:1 D:1)
[2022.06.24-09.42.42:289][  0]LogWindows:    1. 'Intel(R) UHD Graphics 630' (P:0 D:0)
[2022.06.24-09.42.42:289][  0]LogWindows:    2. 'Intel(R) UHD Graphics 630' (P:0 D:0)
[2022.06.24-09.42.42:289][  0]LogWindows:    3. 'NVIDIA GeForce GTX 1660 Ti' (P:0 D:0)
[2022.06.24-09.42.42:290][  0]LogWindows:    4. 'NVIDIA GeForce GTX 1660 Ti' (P:0 D:0)
[2022.06.24-09.42.42:290][  0]LogWindows:    5. 'NVIDIA GeForce GTX 1660 Ti' (P:0 D:0)
[2022.06.24-09.42.42:290][  0]LogWindows:    6. 'NVIDIA GeForce GTX 1660 Ti' (P:0 D:0)
[2022.06.24-09.42.42:290][  0]LogWindows: DebugString: PrimaryIsNotTheChoosenAdapter PrimaryIsNotTheChoosenAdapter PrimaryIsNotTheChoosenAdapter FoundDriverCount:4 
[2022.06.24-09.42.42:290][  0]LogD3D11RHI:     Adapter Name: NVIDIA GeForce GTX 1660 Ti
[2022.06.24-09.42.42:292][  0]LogD3D11RHI:   Driver Version: 457.20 (internal:27.21.14.5720, unified:457.20)
[2022.06.24-09.42.42:292][  0]LogD3D11RHI:      Driver Date: 11-2-2020
[2022.06.24-09.42.42:294][  0]LogRHI: Texture pool is 4193 MB (70% of 5991 MB)
[2022.06.24-09.42.42:294][  0]LogD3D11RHI: Creating D3DDevice using adapter:
[2022.06.24-09.42.42:294][  0]LogD3D11RHI:     Description : NVIDIA GeForce GTX 1660 Ti
[2022.06.24-09.42.42:294][  0]LogD3D11RHI:     VendorId    : 10de
[2022.06.24-09.42.42:294][  0]LogD3D11RHI:     DeviceId    : 2191
[2022.06.24-09.42.42:294][  0]LogD3D11RHI:     SubSysId    : 85501558
[2022.06.24-09.42.42:294][  0]LogD3D11RHI:     Revision    : 00a1
[2022.06.24-09.42.42:294][  0]LogD3D11RHI:     DedicatedVideoMemory : 6282018816 bytes
[2022.06.24-09.42.42:294][  0]LogD3D11RHI:     DedicatedSystemMemory : 0 bytes
[2022.06.24-09.42.42:294][  0]LogD3D11RHI:     SharedSystemMemory : 4191973376 bytes
[2022.06.24-09.42.42:294][  0]LogD3D11RHI:     AdapterLuid : 0 58997
[2022.06.24-09.42.42:358][  0]LogD3D11RHI: RHI has support for 64 bit atomics
[2022.06.24-09.42.42:358][  0]LogD3D11RHI: Async texture creation enabled
[2022.06.24-09.42.42:358][  0]LogD3D11RHI: Array index from any shader is supported
[2022.06.24-09.42.42:444][  0]LogD3D11RHI: GPU Timing Frequency: 1000.000000 (Debug: 2 1)
[2022.06.24-09.42.42:499][  0]LogRHI: GeForceNow SDK initialized: 1
[2022.06.24-09.42.42:871][  0]LogTargetPlatformManager: Display: Loaded TargetPlatform 'AllDesktop'
[2022.06.24-09.42.42:896][  0]LogTargetPlatformManager: Display: Loaded TargetPlatform 'Android'
[2022.06.24-09.42.42:896][  0]LogTargetPlatformManager: Display: Loaded TargetPlatform 'Android_ASTC'
[2022.06.24-09.42.42:896][  0]LogTargetPlatformManager: Display: Loaded TargetPlatform 'Android_DXT'
[2022.06.24-09.42.42:896][  0]LogTargetPlatformManager: Display: Loaded TargetPlatform 'Android_ETC2'
[2022.06.24-09.42.42:896][  0]LogTargetPlatformManager: Display: Loaded TargetPlatform 'AndroidClient'
[2022.06.24-09.42.42:896][  0]LogTargetPlatformManager: Display: Loaded TargetPlatform 'Android_ASTCClient'
[2022.06.24-09.42.42:896][  0]LogTargetPlatformManager: Display: Loaded TargetPlatform 'Android_DXTClient'
[2022.06.24-09.42.42:896][  0]LogTargetPlatformManager: Display: Loaded TargetPlatform 'Android_ETC2Client'
[2022.06.24-09.42.42:896][  0]LogTargetPlatformManager: Display: Loaded TargetPlatform 'Android_Multi'
[2022.06.24-09.42.42:896][  0]LogTargetPlatformManager: Display: Loaded TargetPlatform 'Android_MultiClient'
[2022.06.24-09.42.42:923][  0]LogTargetPlatformManager: Display: Loaded TargetPlatform 'IOSClient'
[2022.06.24-09.42.42:923][  0]LogTargetPlatformManager: Display: Loaded TargetPlatform 'IOS'
[2022.06.24-09.42.42:936][  0]LogTargetPlatformManager: Display: Loaded TargetPlatform 'Linux'
[2022.06.24-09.42.42:942][  0]LogTargetPlatformManager: Display: Loaded TargetPlatform 'LinuxNoEditor'
[2022.06.24-09.42.42:948][  0]LogTargetPlatformManager: Display: Loaded TargetPlatform 'LinuxClient'
[2022.06.24-09.42.42:954][  0]LogTargetPlatformManager: Display: Loaded TargetPlatform 'LinuxServer'
[2022.06.24-09.42.42:966][  0]LogTargetPlatformManager: Display: Loaded TargetPlatform 'LinuxAArch64NoEditor'
[2022.06.24-09.42.42:977][  0]LogTargetPlatformManager: Display: Loaded TargetPlatform 'LinuxAArch64Client'
[2022.06.24-09.42.42:983][  0]LogTargetPlatformManager: Display: Loaded TargetPlatform 'LinuxAArch64Server'
[2022.06.24-09.42.43:011][  0]LogTargetPlatformManager: Display: Loaded TargetPlatform 'Lumin'
[2022.06.24-09.42.43:011][  0]LogTargetPlatformManager: Display: Loaded TargetPlatform 'LuminClient'
[2022.06.24-09.42.43:022][  0]LogTargetPlatformManager: Display: Loaded TargetPlatform 'MacNoEditor'
[2022.06.24-09.42.43:028][  0]LogTargetPlatformManager: Display: Loaded TargetPlatform 'Mac'
[2022.06.24-09.42.43:033][  0]LogTargetPlatformManager: Display: Loaded TargetPlatform 'MacClient'
[2022.06.24-09.42.43:038][  0]LogTargetPlatformManager: Display: Loaded TargetPlatform 'MacServer'
[2022.06.24-09.42.43:049][  0]LogTargetPlatformManager: Display: Loaded TargetPlatform 'TVOSClient'
[2022.06.24-09.42.43:049][  0]LogTargetPlatformManager: Display: Loaded TargetPlatform 'TVOS'
[2022.06.24-09.42.43:061][  0]LogTargetPlatformManager: Display: Loaded TargetPlatform 'WindowsNoEditor'
[2022.06.24-09.42.43:070][  0]LogTargetPlatformManager: Display: Loaded TargetPlatform 'Windows'
[2022.06.24-09.42.43:078][  0]LogTargetPlatformManager: Display: Loaded TargetPlatform 'WindowsClient'
[2022.06.24-09.42.43:084][  0]LogTargetPlatformManager: Display: Loaded TargetPlatform 'WindowsServer'
[2022.06.24-09.42.43:084][  0]LogTargetPlatformManager: Display: Building Assets For Windows
[2022.06.24-09.42.43:099][  0]LogAudioDebug: Display: Lib vorbis DLL was dynamically loaded.
[2022.06.24-09.42.43:170][  0]LogTextureFormatOodle: Display: Oodle Texture 2.9.0 init RDO Off
[2022.06.24-09.42.43:336][  0]LogRendererCore: Ray tracing is disabled. Reason: r.RayTracing=0.
[2022.06.24-09.42.43:338][  0]LogShaderCompilers: Guid format shader working directory is -37 characters bigger than the processId version (../../../../../../Users/LukeR/OneDrive/Documents/GitHub/TacticalRPGGame/TacticalRPG/Intermediate/Shaders/WorkingDirectory/7304/).
[2022.06.24-09.42.43:339][  0]LogShaderCompilers: Cleaned the shader compiler working directory 'C:/Users/LukeR/AppData/Local/Temp/UnrealShaderWorkingDir/9339599A49AA7BE51335808C237DC3F6/'.
[2022.06.24-09.42.43:341][  0]LogXGEController: Cannot use XGE Controller as Incredibuild is not installed on this machine.
[2022.06.24-09.42.43:341][  0]LogShaderCompilers: Cannot use XGE Shader Compiler as Incredibuild is not installed on this machine.
[2022.06.24-09.42.43:341][  0]LogShaderCompilers: Display: Using Local Shader Compiler.
[2022.06.24-09.42.44:236][  0]LogDerivedDataCache: Display: Max Cache Size: 512 MB
[2022.06.24-09.42.44:468][  0]LogDerivedDataCache: Loaded boot cache 0.23s 94MB C:/Users/LukeR/AppData/Local/UnrealEngine/4.27/DerivedDataCache/Boot.ddc.
[2022.06.24-09.42.44:468][  0]LogDerivedDataCache: Display: Loaded Boot cache: C:/Users/LukeR/AppData/Local/UnrealEngine/4.27/DerivedDataCache/Boot.ddc
[2022.06.24-09.42.44:468][  0]LogDerivedDataCache: FDerivedDataBackendGraph:  Pak pak cache file ../../../../../../Users/LukeR/OneDrive/Documents/GitHub/TacticalRPGGame/TacticalRPG/DerivedDataCache/DDC.ddp not found, will not use a pak cache.
[2022.06.24-09.42.44:468][  0]LogDerivedDataCache: Unable to find inner node Pak for hierarchical cache Hierarchy.
[2022.06.24-09.42.44:468][  0]LogDerivedDataCache: FDerivedDataBackendGraph:  CompressedPak pak cache file ../../../../../../Users/LukeR/OneDrive/Documents/GitHub/TacticalRPGGame/TacticalRPG/DerivedDataCache/Compressed.ddp not found, will not use a pak cache.
[2022.06.24-09.42.44:468][  0]LogDerivedDataCache: Unable to find inner node CompressedPak for hierarchical cache Hierarchy.
[2022.06.24-09.42.44:485][  0]LogDerivedDataCache: Display: Pak cache opened for reading ../../../Engine/DerivedDataCache/Compressed.ddp.
[2022.06.24-09.42.44:485][  0]LogDerivedDataCache: FDerivedDataBackendGraph:  EnterprisePak pak cache file ../../../Enterprise/DerivedDataCache/Compressed.ddp not found, will not use a pak cache.
[2022.06.24-09.42.44:485][  0]LogDerivedDataCache: Unable to find inner node EnterprisePak for hierarchical cache Hierarchy.
[2022.06.24-09.42.44:506][  0]LogDerivedDataCache: Speed tests for C:/Users/LukeR/AppData/Local/UnrealEngine/Common/DerivedDataCache took 0.02 seconds
[2022.06.24-09.42.44:506][  0]LogDerivedDataCache: Display: Performance to C:/Users/LukeR/AppData/Local/UnrealEngine/Common/DerivedDataCache: Latency=0.20ms. RandomReadSpeed=87.93MBs, RandomWriteSpeed=115.87MBs. Assigned SpeedClass 'Local'
[2022.06.24-09.42.44:507][  0]LogDerivedDataCache: Using Local data cache path C:/Users/LukeR/AppData/Local/UnrealEngine/Common/DerivedDataCache: Writable
[2022.06.24-09.42.44:507][  0]LogDerivedDataCache: Shared data cache path not found in *engine.ini, will not use an Shared cache.
[2022.06.24-09.42.44:507][  0]LogDerivedDataCache: Unable to find inner node Shared for hierarchical cache Hierarchy.
[2022.06.24-09.42.44:568][  0]LogSlate: Using FreeType 2.10.0
[2022.06.24-09.42.44:570][  0]LogSlate: SlateFontServices - WITH_FREETYPE: 1, WITH_HARFBUZZ: 1
[2022.06.24-09.42.44:619][  0]LogAssetRegistry: FAssetRegistry took 0.0108 seconds to start up
[2022.06.24-09.42.44:986][  0]LogInit: Selected Device Profile: [Windows]
[2022.06.24-09.42.44:986][  0]LogInit: Active device profile: [000001ABDAD4CF00][000001ABCE638800 49] Windows
[2022.06.24-09.42.44:987][  0]LogInit: Profiles: [000001ABDAD4CF00][000001ABCE638800 49] Windows, [000001ABDAD1A400][000001ABCE63C940 49] WindowsNoEditor, [000001ABDAD4DF00][000001ABD08D0A80 49] WindowsServer, [000001ABDAD19600][000001ABD08D4BC0 49] WindowsClient, [000001ABDAD4D000][000001ABD08D8D00 49] IOS, [000001ABDAD1BA00][000001ABDA7D2E80 49] iPadAir, [000001ABDAD4F300][000001ABDA7D7000 49] iPadAir2, [000001ABDACBD300][000001ABDA7DF2C0 49] IPadPro, [000001ABDACBD400][000001ABDA7DB300 49] iPadAir3, [000001ABDAD18B00][000001ABDA7E3480 49] iPadAir4, [000001ABDACBE100][000001ABDA7E7600 49] iPadMini2, [000001ABDAD1B400][000001ABDA7EB780 49] iPadMini3, [000001ABDACBEC00][000001ABDA7EF900 49] iPadMini4, [000001ABDAD1A700][000001ABDA7F3A80 49] iPadMini5, [000001ABDACC4E00][000001ABDA7FA1C0 49] iPhone6, [000001ABDACC4F00][000001ABDA7F6200 49] iPodTouch6, [000001ABDAD4F700][000001ABDA8024C0 49] iPhone7, [000001ABDAD4E800][000001ABDA7FE500 49] iPodTouch7, [000001ABDACBCC00][000001ABDA806680 49] iPhone5S, [000001ABDAD4D300][000001ABDA80A800 49] iPhone6Plus, [000001ABDAD4C600][000001ABDA80E980 49] iPhone6S, [000001ABDACC5300][000001ABDA812B00 49] iPhone6SPlus, [000001ABDAD4CB00][000001ABDA7CEC40 49] iPhone7Plus, [000001ABDACC5600][000001ABDA816D80 49] iPhoneSE, [000001ABDAD4CA00][000001ABDA81AEC0 49] iPhone8, [000001ABDACC5200][000001ABDBA87040 49] iPhone8Plus, [000001ABDACBEB00][000001ABDBA8B1C0 49] iPhoneX, [000001ABDACC4C00][000001ABDBA8F340 49] iPhoneXS, [000001ABDACBFA00][000001ABDBA934C0 49] iPhoneXSMax, [000001ABDACC7800][000001ABDBA97640 49] iPhoneXR, [000001ABDACBCD00][000001ABDBA9B7C0 49] iPhone11, [000001ABDACC6600][000001ABDBA9F940 49] iPhone11Pro, [000001ABDACBE900][000001ABDBAA3AC0 49] iPhone11ProMax, [000001ABDACC4200][000001ABDBAA60C0 49] iPhoneSE2, [000001ABDACBCB00][000001ABDBAAA240 49] iPhone12Mini, [000001ABDACC6A00][000001ABDBAAE3C0 49] iPhone12, [000001ABDACBEE00][000001ABDBAB2540 49] iPhone12Pro, [000001ABDACC4A00][000001ABDBAB66C0 49] iPhone12ProMax, [000001ABDACBF200][000001ABDBABA840 49] iPadPro105, [000001ABDACC7600][000001ABDBABE9C0 49] iPadPro129, [000001ABDACBE000][000001ABDBAC2B40 49] iPadPro97, [000001ABDACC6000][000001ABDBAC6CC0 49] iPadPro2_129, [000001ABDACBE400][000001ABDBA82E00 49] iPad5, [000001ABDACC5400][000001ABDBACAF40 49] iPad6, [000001ABDACBD000][000001ABDBACF080 49] iPad7, [000001ABDACC5700][000001ABDBAD31C0 49] iPad8, [000001ABDACBFC00][000001ABDBADB340 49] iPadPro11, [000001ABDACC5800][000001ABDBADF4C0 49] iPadPro2_11, [000001ABDACBC600][000001ABDBAE3640 49] iPadPro3_129, [000001ABDACC4D00][000001ABDBAE77C0 49] iPadPro4_129, [000001ABDACBF100][000001ABDBAEB940 49] AppleTV, [000001ABDACC4800][000001ABDBAEFAC0 49] AppleTV4K, [000001ABDACBC500][000001ABDBAF20C0 49] TVOS, [000001ABDACC4500][000001ABDBAF6240 49] Mac, [000001ABDACBC700][000001ABDBAFA3C0 49] MacClient, [000001ABDACC5500][000001ABDBAFE540 49] MacNoEditor, [000001ABDACBD500][000001ABDBB026C0 49] MacServer, [000001ABDACC6E00][000001ABDBB06840 49] Linux, [000001ABDACBC400][000001ABDBB0A9C0 49] LinuxAArch64, [000001ABDACC5E00][000001ABDBB0EB40 49] LinuxNoEditor, [000001ABDACBDC00][000001ABDBB12CC0 49] LinuxAArch64NoEditor, [000001ABDACC6900][000001ABDBB16E40 49] LinuxClient, [000001ABDACBED00][000001ABDBAD6F80 49] LinuxAArch64Client, [000001ABDACC4100][000001ABDBB1B0C0 49] LinuxServer, [000001ABDACBDE00][000001ABDBB1F200 49] LinuxAArch64Server, [000001ABDACC4B00][000001ABDBB23340 49] Android, [000001ABDACBDA00][000001ABDBB2B4C0 49] Android_Low, [000001ABDACC6F00][000001ABDBB2F640 49] Android_Mid, [000001ABDACBD100][000001ABDBB337C0 49] Android_High, [000001ABDACC7000][000001ABDBB37940 49] Android_Default, [000001ABDACBD700][000001ABDBB3BAC0 49] Android_Adreno4xx, [000001ABDACC5900][000001ABDBB3E0C0 49] Android_Adreno5xx_Low, [000001ABDACBCA00][000001ABDBB42240 49] Android_Adreno5xx, [000001ABDACC7400][000001ABDBB463C0 49] Android_Adreno6xx, [000001ABDACBCE00][000001ABDBB4A540 49] Android_Adreno6xx_Vulkan, [000001ABDACC7100][000001ABDBB4E6C0 49] Android_Mali_T6xx, [000001ABDAD4EF00][000001ABDBB52840 49] Android_Mali_T7xx, [000001ABDAD18800][000001ABDBB569C0 49] Android_Mali_T8xx, [000001ABDAD4D200][000001ABDBB5AB40 49] Android_Mali_G71, [000001ABDAD18E00][000001ABDBB5ECC0 49] Android_Mali_G72, [000001ABDAD4D100][000001ABDBB62E40 49] Android_Mali_G72_Vulkan, [000001ABDAD1A500][000001ABDBB66FC0 49] Android_Mali_G76, [000001ABDAD4D500][000001ABDBB6B140 49] Android_Mali_G76_Vulkan, [000001ABDAD1A000][000001ABDBB27280 49] Android_Mali_G77, [000001ABDAD4FF00][000001ABDBB6F3C0 49] Android_Mali_G77_Vulkan, [000001ABDAD19D00][000001ABDBB73500 49] Android_Mali_G78, [000001ABDAD4C300][000001ABDBB7B680 49] Android_Mali_G78_Vulkan, [000001ABDAD18400][000001ABDBB7F800 49] Android_Mali_G710, [000001ABDAD4F600][000001ABDBB83980 49] Android_Mali_G710_Vulkan, [000001ABDAD1B100][000001ABDBB87B00 49] Android_Vulkan_SM5, [000001ABDAD4C900][000001ABDBB8A100 49] Android_PowerVR_G6xxx, [000001ABDAD18A00][000001ABDBB8E280 49] Android_PowerVR_GT7xxx, [000001ABDAD4CD00][000001ABDBB92400 49] Android_PowerVR_GE8xxx, [000001ABDAD1BC00][000001ABDBB96580 49] Android_PowerVR_GM9xxx, [000001ABDAD4E300][000001ABDBB9A700 49] Android_PowerVR_GM9xxx_Vulkan, [000001ABDAD19200][000001ABDBB9E880 49] Android_TegraK1, [000001ABDAD4EA00][000001ABDBBA2A00 49] Android_Unknown_Vulkan, [000001ABDAD1B000][000001ABDBBA6B80 49] Lumin, [000001ABDAD4DC00][000001ABDBBAAD00 49] Lumin_Desktop, [000001ABDAD1AE00][000001ABDBBAEE80 49] HoloLens, 
[2022.06.24-09.42.45:232][  0]LogMeshReduction: Using QuadricMeshReduction for automatic static mesh reduction
[2022.06.24-09.42.45:232][  0]LogMeshReduction: Using SimplygonMeshReduction for automatic skeletal mesh reduction
[2022.06.24-09.42.45:232][  0]LogMeshReduction: Using ProxyLODMeshReduction for automatic mesh merging
[2022.06.24-09.42.45:232][  0]LogMeshReduction: No distributed automatic mesh merging module available
[2022.06.24-09.42.45:233][  0]LogMeshMerging: No distributed automatic mesh merging module available
[2022.06.24-09.42.45:283][  0]LogNetVersion: TacticalRPG 1.0.0, NetCL: 17155196, EngineNetVer: 17, GameNetVer: 0 (Checksum: 1640628072)
[2022.06.24-09.42.46:145][  0]LogTexture: Default maximum texture size for cubemaps generated from long-lat sources has been changed from 512 to unlimited. In order to preserve old behaiour for '/Engine/MapTemplates/Sky/DaylightAmbientCubemap.DaylightAmbientCubemap', its maximum texture size has been explicitly set to 512.
[2022.06.24-09.42.46:252][  0]LogHMD: PokeAHoleMaterial loaded successfully
[2022.06.24-09.42.46:260][  0]LogUObjectArray: 17178 objects as part of root set at end of initial load.
[2022.06.24-09.42.46:260][  0]LogUObjectAllocator: 4302048 out of 0 bytes used by permanent object pool.
[2022.06.24-09.42.46:260][  0]LogUObjectArray: CloseDisregardForGC: 0/0 objects in disregard for GC pool
[2022.06.24-09.42.46:777][  0]LogNiagaraDebuggerClient: Niagara Debugger Client Initialized | Session: A9F8BDC74DC5D5D036F2E0B742315269 | Instance: 3ABBB8F34671321F47A29CA9A0E3048C (DESKTOP-A03C4ER-7304).
[2022.06.24-09.42.47:232][  0]LogTcpMessaging: Initializing TcpMessaging bridge
[2022.06.24-09.42.47:239][  0]LogUdpMessaging: Initializing bridge on interface 0.0.0.0:0 to multicast group 230.0.0.1:6666.
[2022.06.24-09.42.47:458][  0]LogPython: Using Python 3.7.7
[2022.06.24-09.42.48:252][  0]SourceControl: Source control is disabled
[2022.06.24-09.42.48:252][  0]SourceControl: Source control is disabled
[2022.06.24-09.42.48:261][  0]SourceControl: Source control is disabled
[2022.06.24-09.42.48:283][  0]SourceControl: Source control is disabled
[2022.06.24-09.42.48:291][  0]SourceControl: Source control is disabled
[2022.06.24-09.42.48:318][  0]LogUProjectInfo: Found projects:
[2022.06.24-09.42.48:800][  0]LogOpenImageDenoise: OIDN starting up
[2022.06.24-09.42.48:820][  0]LogAndroidPermission: UAndroidPermissionCallbackProxy::GetInstance
[2022.06.24-09.42.48:882][  0]LogAudioCaptureCore: Display: No Audio Capture implementations found. Audio input will be silent.
[2022.06.24-09.42.48:882][  0]LogAudioCaptureCore: Display: No Audio Capture implementations found. Audio input will be silent.
[2022.06.24-09.42.49:216][  0]LogCollectionManager: Loaded 0 collections in 0.002568 seconds
[2022.06.24-09.42.49:263][  0]LogFileCache: Scanning file cache for directory 'C:/Users/LukeR/OneDrive/Documents/GitHub/TacticalRPGGame/TacticalRPG/Saved/Collections/' took 0.00s
[2022.06.24-09.42.49:263][  0]LogFileCache: Scanning file cache for directory 'C:/Users/LukeR/OneDrive/Documents/GitHub/TacticalRPGGame/TacticalRPG/Content/Developers/LukeR/Collections/' took 0.00s
[2022.06.24-09.42.49:263][  0]LogFileCache: Scanning file cache for directory 'C:/Users/LukeR/OneDrive/Documents/GitHub/TacticalRPGGame/TacticalRPG/Content/Collections/' took 0.00s
[2022.06.24-09.42.49:263][  0]LogOcInput: OculusInput pre-init called
[2022.06.24-09.42.49:623][  0]LogEngine: Initializing Engine...
[2022.06.24-09.42.49:636][  0]LogHMD: Failed to enumerate extensions. Please check that you have a valid OpenXR runtime installed.
[2022.06.24-09.42.49:636][  0]LogHMD: Failed to initialize OpenVR with code 110
[2022.06.24-09.42.49:637][  0]LogMagicLeap: Warning: VR disabled because ZI is not enabled.  To enable, in the editor, Edit -> Project Settings -> Plugins -> Magic Leap Plugin -> Enable Zero Iteration
[2022.06.24-09.42.49:641][  0]LogStats: UGameplayTagsManager::InitializeManager -  0.002 s
[2022.06.24-09.42.49:793][  0]LogInit: Initializing FReadOnlyCVARCache
[2022.06.24-09.42.49:853][  0]LogAIModule: Creating AISystem for world Untitled
[2022.06.24-09.42.49:862][  0]LogAudio: Display: Initializing Audio Device Manager...
[2022.06.24-09.42.49:869][  0]LogAudio: Display: Loading Default Audio Settings Objects...
[2022.06.24-09.42.49:869][  0]LogAudio: Display: No default SoundConcurrencyObject specified (or failed to load).
[2022.06.24-09.42.49:871][  0]LogAudio: Display: Audio Device Manager Initialized
[2022.06.24-09.42.49:871][  0]LogAudio: Display: Creating Audio Device:                 Id: 1, Scope: Shared, Realtime: True
[2022.06.24-09.42.49:872][  0]LogAudioMixer: Display: Audio Mixer Platform Settings:
[2022.06.24-09.42.49:872][  0]LogAudioMixer: Display: 	Sample Rate:						  48000
[2022.06.24-09.42.49:872][  0]LogAudioMixer: Display: 	Callback Buffer Frame Size Requested: 1024
[2022.06.24-09.42.49:872][  0]LogAudioMixer: Display: 	Callback Buffer Frame Size To Use:	  1024
[2022.06.24-09.42.49:872][  0]LogAudioMixer: Display: 	Number of buffers to queue:			  2
[2022.06.24-09.42.49:872][  0]LogAudioMixer: Display: 	Max Channels (voices):				  32
[2022.06.24-09.42.49:872][  0]LogAudioMixer: Display: 	Number of Async Source Workers:		  0
[2022.06.24-09.42.49:872][  0]LogAudio: Display: AudioDevice MaxSources: 32
[2022.06.24-09.42.49:874][  0]LogAudio: Display: Audio Spatialization Plugin: None (built-in).
[2022.06.24-09.42.49:874][  0]LogAudio: Display: Audio Reverb Plugin: None (built-in).
[2022.06.24-09.42.49:874][  0]LogAudio: Display: Audio Occlusion Plugin: None (built-in).
[2022.06.24-09.42.49:874][  0]LogAudioMixer: Display: Initializing audio mixer.
[2022.06.24-09.42.49:908][  0]LogAudioMixer: Display: 0: FrontLeft
[2022.06.24-09.42.49:908][  0]LogAudioMixer: Display: 1: FrontRight
[2022.06.24-09.42.49:973][  0]LogAudioMixer: Display: Using Audio Device Speakers (Realtek(R) Audio)
[2022.06.24-09.42.49:978][  0]LogAudioMixer: Display: Initializing Sound Submixes...
[2022.06.24-09.42.49:980][  0]LogAudioMixer: Display: Creating Master Submix 'MasterSubmixDefault'
[2022.06.24-09.42.49:981][  0]LogAudioMixer: Display: Creating Master Submix 'MasterReverbSubmixDefault'
[2022.06.24-09.42.49:983][  0]LogAudioMixer: Display: Creating Master Submix 'MasterEQSubmixDefault'
[2022.06.24-09.42.49:984][  0]LogAudioMixer: FMixerPlatformXAudio2::StartAudioStream() called
[2022.06.24-09.42.49:984][  0]LogAudioMixer: Display: Output buffers initialized: Frames=1024, Channels=2, Samples=2048
[2022.06.24-09.42.49:985][  0]LogAudioMixer: Display: Starting AudioMixerPlatformInterface::RunInternal()
[2022.06.24-09.42.49:985][  0]LogAudioMixer: Display: FMixerPlatformXAudio2::SubmitBuffer() called for the first time
[2022.06.24-09.42.49:985][  0]LogInit: FAudioDevice initialized.
[2022.06.24-09.42.49:986][  0]LogAudio: Display: Audio Device (ID: 1) registered with world 'Untitled'.
[2022.06.24-09.42.49:986][  0]LogNetVersion: Set ProjectVersion to 1.0.0.0. Version Checksum will be recalculated on next use.
[2022.06.24-09.42.50:100][  0]LogDerivedDataCache: Saved boot cache 0.11s 94MB C:/Users/LukeR/AppData/Local/UnrealEngine/4.27/DerivedDataCache/Boot.ddc.
[2022.06.24-09.42.50:101][  0]LogInit: Texture streaming: Enabled
[2022.06.24-09.42.50:121][  0]LogAnalytics: Display: [UEEditor.Rocket.Release] APIServer = https://datarouter.ol.epicgames.com/. AppVersion = 4.27.2-18319896+++UE4+Release-4.27
[2022.06.24-09.42.50:125][  0]LogEngineSessionManager: EngineSessionManager initialized
[2022.06.24-09.42.50:125][  0]LogEngineSessionManager: EngineSessionManager sent abnormal shutdown report. Type=AbnormalShutdown, SessionId={84F54372-45C2-FEE5-F3B5-93A781C7C606}
[2022.06.24-09.42.50:125][  0]LogEditorSessionSummary: Verbose: Initializing EditorSessionSummaryWriter for editor session tracking
[2022.06.24-09.42.50:130][  0]LogEditorSessionSummary: EditorSessionSummaryWriter initialized
[2022.06.24-09.42.50:177][  0]LogInit: Transaction tracking system initialized
[2022.06.24-09.42.50:238][  0]BlueprintLog: New page: Editor Load
[2022.06.24-09.42.50:430][  0]LocalizationService: Localization service is disabled
[2022.06.24-09.42.50:521][  0]TimingProfiler: Initialize
[2022.06.24-09.42.50:547][  0]TimingProfiler: OnSessionChanged
[2022.06.24-09.42.50:550][  0]LoadingProfiler: Initialize
[2022.06.24-09.42.50:553][  0]LoadingProfiler: OnSessionChanged
[2022.06.24-09.42.50:553][  0]NetworkingProfiler: Initialize
[2022.06.24-09.42.50:554][  0]NetworkingProfiler: OnSessionChanged
[2022.06.24-09.42.50:555][  0]MemoryProfiler: Initialize
[2022.06.24-09.42.50:555][  0]MemoryProfiler: OnSessionChanged
[2022.06.24-09.42.50:807][  0]LogFileCache: Scanning file cache for directory 'C:/Users/LukeR/OneDrive/Documents/GitHub/TacticalRPGGame/TacticalRPG/Content/' took 0.00s
[2022.06.24-09.42.50:807][  0]LogCook: Display: CookSettings for Memory: MemoryMaxUsedVirtual 0MiB, MemoryMaxUsedPhysical 16384MiB, MemoryMinFreeVirtual 0MiB, MemoryMinFreePhysical 1024MiB
[2022.06.24-09.42.50:807][  0]LogCook: Display: Mobile HDR setting 1
[2022.06.24-09.42.51:400][  0]LogInit: Display: Engine is initialized. Leaving FEngineLoop::Init()
[2022.06.24-09.42.51:411][  0]SourceControl: Source control is disabled
[2022.06.24-09.42.51:412][  0]LogUnrealEdMisc: Loading editor; pre map load, took 13.668
[2022.06.24-09.42.51:414][  0]Cmd: MAP LOAD FILE="../../../../../../Users/LukeR/OneDrive/Documents/GitHub/TacticalRPGGame/TacticalRPG/Content/TopDownBP/Maps/TopDownExampleMap.umap" TEMPLATE=0 SHOWPROGRESS=1 FEATURELEVEL=3
[2022.06.24-09.42.51:415][  0]LightingResults: New page: Lighting Build
[2022.06.24-09.42.51:424][  0]LogWorld: UWorld::CleanupWorld for Untitled, bSessionEnded=true, bCleanupResources=true
[2022.06.24-09.42.51:425][  0]LogSlate: InvalidateAllWidgets triggered.  All widgets were invalidated
[2022.06.24-09.42.51:427][  0]MapCheck: New page: Map Check
[2022.06.24-09.42.51:427][  0]LightingResults: New page: Lighting Build
[2022.06.24-09.42.51:438][  0]LogAudio: Display: Audio Device unregistered from world 'None'.
[2022.06.24-09.42.51:445][  0]LogUObjectHash: Compacting FUObjectHashTables data took   0.81ms
[2022.06.24-09.42.51:886][  0]LogAudio: Display: Audio Device (ID: 1) registered with world 'TopDownExampleMap'.
[2022.06.24-09.42.51:888][  0]LogAIModule: Creating AISystem for world TopDownExampleMap
[2022.06.24-09.42.51:949][  0]LogEditorServer: Finished looking for orphan Actors (0.000 secs)
[2022.06.24-09.42.51:954][  0]LogNavigationDataBuild: Display:    Building NavData:  Name Default class /Script/NavigationSystem.RecastNavMesh agent radius 35.0.
[2022.06.24-09.42.51:967][  0]LogUObjectHash: Compacting FUObjectHashTables data took   0.86ms
[2022.06.24-09.42.51:968][  0]Cmd: MAP CHECKDEP NOCLEARLOG
[2022.06.24-09.42.51:969][  0]MapCheck: Map check complete: 0 Error(s), 0 Warning(s), took 0.646ms to complete.
[2022.06.24-09.42.51:969][  0]LogFileHelpers: Loading map 'TopDownExampleMap' took 0.556
[2022.06.24-09.42.52:011][  0]LogUnrealEdMisc: Total Editor Startup Time, took 14.268
[2022.06.24-09.42.52:172][  0]LogSlate: Updating window title bar state: overlay mode, drag disabled, window buttons hidden, title bar hidden
[2022.06.24-09.42.52:179][  0]LogSlate: Updating window title bar state: overlay mode, drag disabled, window buttons hidden, title bar hidden
[2022.06.24-09.42.52:184][  0]LogSlate: Updating window title bar state: overlay mode, drag disabled, window buttons hidden, title bar hidden
[2022.06.24-09.42.52:189][  0]LogSlate: Updating window title bar state: overlay mode, drag disabled, window buttons hidden, title bar hidden
[2022.06.24-09.42.52:233][  0]LogNativeClassHierarchy: Verbose: Native class hierarchy populated in 0.0088 seconds. Added 3831 classes and 931 folders.
[2022.06.24-09.42.52:243][  0]LogNativeClassHierarchy: Verbose: Native class hierarchy updated for 'WidgetCarousel' in 0.0003 seconds. Added 0 classes and 0 folders.
[2022.06.24-09.42.52:249][  0]LogPakFile: PakFile PrimaryIndexSize=187
[2022.06.24-09.42.52:249][  0]LogPakFile: PakFile PathHashIndexSize=101
[2022.06.24-09.42.52:249][  0]LogPakFile: PakFile FullDirectoryIndexSize=148
[2022.06.24-09.42.52:249][  0]LogShaderLibrary: Display: ShaderCodeLibraryPakFileMountedCallback: PakFile 'C:/Program Files/Epic Games/UE_4.27/FeaturePacks/FP_FirstPerson.upack' (chunk index -1, root 'root:/') mounted
[2022.06.24-09.42.52:249][  0]LogShaderLibrary: Display: ShaderCodeLibraryPakFileMountedCallback: pending pak file info (ChunkID:-1 Root:root:/ File:C:/Program Files/Epic Games/UE_4.27/FeaturePacks/FP_FirstPerson.upack)
[2022.06.24-09.42.52:249][  0]LogPakFile: OnPakFileMounted2Time == 0.000051
[2022.06.24-09.42.52:253][  0]LogPakFile: PakFile PrimaryIndexSize=189
[2022.06.24-09.42.52:253][  0]LogPakFile: PakFile PathHashIndexSize=101
[2022.06.24-09.42.52:253][  0]LogPakFile: PakFile FullDirectoryIndexSize=152
[2022.06.24-09.42.52:253][  0]LogShaderLibrary: Display: ShaderCodeLibraryPakFileMountedCallback: PakFile 'C:/Program Files/Epic Games/UE_4.27/FeaturePacks/FP_FirstPersonBP.upack' (chunk index -1, root 'root:/') mounted
[2022.06.24-09.42.52:253][  0]LogShaderLibrary: Display: ShaderCodeLibraryPakFileMountedCallback: pending pak file info (ChunkID:-1 Root:root:/ File:C:/Program Files/Epic Games/UE_4.27/FeaturePacks/FP_FirstPersonBP.upack)
[2022.06.24-09.42.52:253][  0]LogPakFile: OnPakFileMounted2Time == 0.000041
[2022.06.24-09.42.52:255][  0]LogPakFile: PakFile PrimaryIndexSize=191
[2022.06.24-09.42.52:255][  0]LogPakFile: PakFile PathHashIndexSize=101
[2022.06.24-09.42.52:255][  0]LogPakFile: PakFile FullDirectoryIndexSize=160
[2022.06.24-09.42.52:255][  0]LogShaderLibrary: Display: ShaderCodeLibraryPakFileMountedCallback: PakFile 'C:/Program Files/Epic Games/UE_4.27/FeaturePacks/MobileStarterContent.upack' (chunk index -1, root 'root:/') mounted
[2022.06.24-09.42.52:255][  0]LogShaderLibrary: Display: ShaderCodeLibraryPakFileMountedCallback: pending pak file info (ChunkID:-1 Root:root:/ File:C:/Program Files/Epic Games/UE_4.27/FeaturePacks/MobileStarterContent.upack)
[2022.06.24-09.42.52:255][  0]LogPakFile: OnPakFileMounted2Time == 0.000034
[2022.06.24-09.42.52:257][  0]LogPakFile: PakFile PrimaryIndexSize=185
[2022.06.24-09.42.52:257][  0]LogPakFile: PakFile PathHashIndexSize=101
[2022.06.24-09.42.52:257][  0]LogPakFile: PakFile FullDirectoryIndexSize=148
[2022.06.24-09.42.52:257][  0]LogShaderLibrary: Display: ShaderCodeLibraryPakFileMountedCallback: PakFile 'C:/Program Files/Epic Games/UE_4.27/FeaturePacks/StarterContent.upack' (chunk index -1, root 'root:/') mounted
[2022.06.24-09.42.52:257][  0]LogShaderLibrary: Display: ShaderCodeLibraryPakFileMountedCallback: pending pak file info (ChunkID:-1 Root:root:/ File:C:/Program Files/Epic Games/UE_4.27/FeaturePacks/StarterContent.upack)
[2022.06.24-09.42.52:257][  0]LogPakFile: OnPakFileMounted2Time == 0.000036
[2022.06.24-09.42.52:259][  0]LogPakFile: PakFile PrimaryIndexSize=190
[2022.06.24-09.42.52:259][  0]LogPakFile: PakFile PathHashIndexSize=101
[2022.06.24-09.42.52:259][  0]LogPakFile: PakFile FullDirectoryIndexSize=154
[2022.06.24-09.42.52:259][  0]LogShaderLibrary: Display: ShaderCodeLibraryPakFileMountedCallback: PakFile 'C:/Program Files/Epic Games/UE_4.27/FeaturePacks/TP_2DSideScroller.upack' (chunk index -1, root 'root:/') mounted
[2022.06.24-09.42.52:259][  0]LogShaderLibrary: Display: ShaderCodeLibraryPakFileMountedCallback: pending pak file info (ChunkID:-1 Root:root:/ File:C:/Program Files/Epic Games/UE_4.27/FeaturePacks/TP_2DSideScroller.upack)
[2022.06.24-09.42.52:259][  0]LogPakFile: OnPakFileMounted2Time == 0.000034
[2022.06.24-09.42.52:261][  0]LogPakFile: PakFile PrimaryIndexSize=192
[2022.06.24-09.42.52:261][  0]LogPakFile: PakFile PathHashIndexSize=101
[2022.06.24-09.42.52:261][  0]LogPakFile: PakFile FullDirectoryIndexSize=158
[2022.06.24-09.42.52:261][  0]LogShaderLibrary: Display: ShaderCodeLibraryPakFileMountedCallback: PakFile 'C:/Program Files/Epic Games/UE_4.27/FeaturePacks/TP_2DSideScrollerBP.upack' (chunk index -1, root 'root:/') mounted
[2022.06.24-09.42.52:261][  0]LogShaderLibrary: Display: ShaderCodeLibraryPakFileMountedCallback: pending pak file info (ChunkID:-1 Root:root:/ File:C:/Program Files/Epic Games/UE_4.27/FeaturePacks/TP_2DSideScrollerBP.upack)
[2022.06.24-09.42.52:261][  0]LogPakFile: OnPakFileMounted2Time == 0.000033
[2022.06.24-09.42.52:263][  0]LogPakFile: PakFile PrimaryIndexSize=182
[2022.06.24-09.42.52:263][  0]LogPakFile: PakFile PathHashIndexSize=101
[2022.06.24-09.42.52:263][  0]LogPakFile: PakFile FullDirectoryIndexSize=138
[2022.06.24-09.42.52:263][  0]LogShaderLibrary: Display: ShaderCodeLibraryPakFileMountedCallback: PakFile 'C:/Program Files/Epic Games/UE_4.27/FeaturePacks/TP_Flying.upack' (chunk index -1, root 'root:/') mounted
[2022.06.24-09.42.52:263][  0]LogShaderLibrary: Display: ShaderCodeLibraryPakFileMountedCallback: pending pak file info (ChunkID:-1 Root:root:/ File:C:/Program Files/Epic Games/UE_4.27/FeaturePacks/TP_Flying.upack)
[2022.06.24-09.42.52:263][  0]LogPakFile: OnPakFileMounted2Time == 0.000035
[2022.06.24-09.42.52:265][  0]LogPakFile: PakFile PrimaryIndexSize=184
[2022.06.24-09.42.52:265][  0]LogPakFile: PakFile PathHashIndexSize=101
[2022.06.24-09.42.52:265][  0]LogPakFile: PakFile FullDirectoryIndexSize=142
[2022.06.24-09.42.52:265][  0]LogShaderLibrary: Display: ShaderCodeLibraryPakFileMountedCallback: PakFile 'C:/Program Files/Epic Games/UE_4.27/FeaturePacks/TP_FlyingBP.upack' (chunk index -1, root 'root:/') mounted
[2022.06.24-09.42.52:265][  0]LogShaderLibrary: Display: ShaderCodeLibraryPakFileMountedCallback: pending pak file info (ChunkID:-1 Root:root:/ File:C:/Program Files/Epic Games/UE_4.27/FeaturePacks/TP_FlyingBP.upack)
[2022.06.24-09.42.52:265][  0]LogPakFile: OnPakFileMounted2Time == 0.000034
[2022.06.24-09.42.52:268][  0]LogPakFile: PakFile PrimaryIndexSize=188
[2022.06.24-09.42.52:268][  0]LogPakFile: PakFile PathHashIndexSize=101
[2022.06.24-09.42.52:268][  0]LogPakFile: PakFile FullDirectoryIndexSize=150
[2022.06.24-09.42.52:268][  0]LogShaderLibrary: Display: ShaderCodeLibraryPakFileMountedCallback: PakFile 'C:/Program Files/Epic Games/UE_4.27/FeaturePacks/TP_HandheldARBP.upack' (chunk index -1, root 'root:/') mounted
[2022.06.24-09.42.52:268][  0]LogShaderLibrary: Display: ShaderCodeLibraryPakFileMountedCallback: pending pak file info (ChunkID:-1 Root:root:/ File:C:/Program Files/Epic Games/UE_4.27/FeaturePacks/TP_HandheldARBP.upack)
[2022.06.24-09.42.52:268][  0]LogPakFile: OnPakFileMounted2Time == 0.000033
[2022.06.24-09.42.52:273][  0]LogPakFile: PakFile PrimaryIndexSize=182
[2022.06.24-09.42.52:273][  0]LogPakFile: PakFile PathHashIndexSize=101
[2022.06.24-09.42.52:273][  0]LogPakFile: PakFile FullDirectoryIndexSize=138
[2022.06.24-09.42.52:273][  0]LogShaderLibrary: Display: ShaderCodeLibraryPakFileMountedCallback: PakFile 'C:/Program Files/Epic Games/UE_4.27/FeaturePacks/TP_Puzzle.upack' (chunk index -1, root 'root:/') mounted
[2022.06.24-09.42.52:273][  0]LogShaderLibrary: Display: ShaderCodeLibraryPakFileMountedCallback: pending pak file info (ChunkID:-1 Root:root:/ File:C:/Program Files/Epic Games/UE_4.27/FeaturePacks/TP_Puzzle.upack)
[2022.06.24-09.42.52:273][  0]LogPakFile: OnPakFileMounted2Time == 0.000041
[2022.06.24-09.42.52:275][  0]LogPakFile: PakFile PrimaryIndexSize=184
[2022.06.24-09.42.52:275][  0]LogPakFile: PakFile PathHashIndexSize=101
[2022.06.24-09.42.52:275][  0]LogPakFile: PakFile FullDirectoryIndexSize=142
[2022.06.24-09.42.52:275][  0]LogShaderLibrary: Display: ShaderCodeLibraryPakFileMountedCallback: PakFile 'C:/Program Files/Epic Games/UE_4.27/FeaturePacks/TP_PuzzleBP.upack' (chunk index -1, root 'root:/') mounted
[2022.06.24-09.42.52:275][  0]LogShaderLibrary: Display: ShaderCodeLibraryPakFileMountedCallback: pending pak file info (ChunkID:-1 Root:root:/ File:C:/Program Files/Epic Games/UE_4.27/FeaturePacks/TP_PuzzleBP.upack)
[2022.06.24-09.42.52:275][  0]LogPakFile: OnPakFileMounted2Time == 0.000034
[2022.06.24-09.42.52:278][  0]LogPakFile: PakFile PrimaryIndexSize=183
[2022.06.24-09.42.52:278][  0]LogPakFile: PakFile PathHashIndexSize=101
[2022.06.24-09.42.52:278][  0]LogPakFile: PakFile FullDirectoryIndexSize=140
[2022.06.24-09.42.52:278][  0]LogShaderLibrary: Display: ShaderCodeLibraryPakFileMountedCallback: PakFile 'C:/Program Files/Epic Games/UE_4.27/FeaturePacks/TP_Rolling.upack' (chunk index -1, root 'root:/') mounted
[2022.06.24-09.42.52:278][  0]LogShaderLibrary: Display: ShaderCodeLibraryPakFileMountedCallback: pending pak file info (ChunkID:-1 Root:root:/ File:C:/Program Files/Epic Games/UE_4.27/FeaturePacks/TP_Rolling.upack)
[2022.06.24-09.42.52:278][  0]LogPakFile: OnPakFileMounted2Time == 0.000034
[2022.06.24-09.42.52:279][  0]LogPakFile: PakFile PrimaryIndexSize=185
[2022.06.24-09.42.52:279][  0]LogPakFile: PakFile PathHashIndexSize=101
[2022.06.24-09.42.52:279][  0]LogPakFile: PakFile FullDirectoryIndexSize=144
[2022.06.24-09.42.52:279][  0]LogShaderLibrary: Display: ShaderCodeLibraryPakFileMountedCallback: PakFile 'C:/Program Files/Epic Games/UE_4.27/FeaturePacks/TP_RollingBP.upack' (chunk index -1, root 'root:/') mounted
[2022.06.24-09.42.52:279][  0]LogShaderLibrary: Display: ShaderCodeLibraryPakFileMountedCallback: pending pak file info (ChunkID:-1 Root:root:/ File:C:/Program Files/Epic Games/UE_4.27/FeaturePacks/TP_RollingBP.upack)
[2022.06.24-09.42.52:279][  0]LogPakFile: OnPakFileMounted2Time == 0.000034
[2022.06.24-09.42.52:281][  0]LogPakFile: PakFile PrimaryIndexSize=188
[2022.06.24-09.42.52:281][  0]LogPakFile: PakFile PathHashIndexSize=101
[2022.06.24-09.42.52:281][  0]LogPakFile: PakFile FullDirectoryIndexSize=150
[2022.06.24-09.42.52:281][  0]LogShaderLibrary: Display: ShaderCodeLibraryPakFileMountedCallback: PakFile 'C:/Program Files/Epic Games/UE_4.27/FeaturePacks/TP_SideScroller.upack' (chunk index -1, root 'root:/') mounted
[2022.06.24-09.42.52:281][  0]LogShaderLibrary: Display: ShaderCodeLibraryPakFileMountedCallback: pending pak file info (ChunkID:-1 Root:root:/ File:C:/Program Files/Epic Games/UE_4.27/FeaturePacks/TP_SideScroller.upack)
[2022.06.24-09.42.52:281][  0]LogPakFile: OnPakFileMounted2Time == 0.000034
[2022.06.24-09.42.52:283][  0]LogPakFile: PakFile PrimaryIndexSize=190
[2022.06.24-09.42.52:283][  0]LogPakFile: PakFile PathHashIndexSize=101
[2022.06.24-09.42.52:283][  0]LogPakFile: PakFile FullDirectoryIndexSize=154
[2022.06.24-09.42.52:283][  0]LogShaderLibrary: Display: ShaderCodeLibraryPakFileMountedCallback: PakFile 'C:/Program Files/Epic Games/UE_4.27/FeaturePacks/TP_SideScrollerBP.upack' (chunk index -1, root 'root:/') mounted
[2022.06.24-09.42.52:283][  0]LogShaderLibrary: Display: ShaderCodeLibraryPakFileMountedCallback: pending pak file info (ChunkID:-1 Root:root:/ File:C:/Program Files/Epic Games/UE_4.27/FeaturePacks/TP_SideScrollerBP.upack)
[2022.06.24-09.42.52:284][  0]LogPakFile: OnPakFileMounted2Time == 0.000036
[2022.06.24-09.42.52:285][  0]LogPakFile: PakFile PrimaryIndexSize=187
[2022.06.24-09.42.52:285][  0]LogPakFile: PakFile PathHashIndexSize=101
[2022.06.24-09.42.52:285][  0]LogPakFile: PakFile FullDirectoryIndexSize=148
[2022.06.24-09.42.52:285][  0]LogShaderLibrary: Display: ShaderCodeLibraryPakFileMountedCallback: PakFile 'C:/Program Files/Epic Games/UE_4.27/FeaturePacks/TP_ThirdPerson.upack' (chunk index -1, root 'root:/') mounted
[2022.06.24-09.42.52:285][  0]LogShaderLibrary: Display: ShaderCodeLibraryPakFileMountedCallback: pending pak file info (ChunkID:-1 Root:root:/ File:C:/Program Files/Epic Games/UE_4.27/FeaturePacks/TP_ThirdPerson.upack)
[2022.06.24-09.42.52:285][  0]LogPakFile: OnPakFileMounted2Time == 0.000034
[2022.06.24-09.42.52:287][  0]LogPakFile: PakFile PrimaryIndexSize=189
[2022.06.24-09.42.52:287][  0]LogPakFile: PakFile PathHashIndexSize=101
[2022.06.24-09.42.52:287][  0]LogPakFile: PakFile FullDirectoryIndexSize=152
[2022.06.24-09.42.52:287][  0]LogShaderLibrary: Display: ShaderCodeLibraryPakFileMountedCallback: PakFile 'C:/Program Files/Epic Games/UE_4.27/FeaturePacks/TP_ThirdPersonBP.upack' (chunk index -1, root 'root:/') mounted
[2022.06.24-09.42.52:287][  0]LogShaderLibrary: Display: ShaderCodeLibraryPakFileMountedCallback: pending pak file info (ChunkID:-1 Root:root:/ File:C:/Program Files/Epic Games/UE_4.27/FeaturePacks/TP_ThirdPersonBP.upack)
[2022.06.24-09.42.52:287][  0]LogPakFile: OnPakFileMounted2Time == 0.000033
[2022.06.24-09.42.52:289][  0]LogPakFile: PakFile PrimaryIndexSize=183
[2022.06.24-09.42.52:289][  0]LogPakFile: PakFile PathHashIndexSize=101
[2022.06.24-09.42.52:289][  0]LogPakFile: PakFile FullDirectoryIndexSize=140
[2022.06.24-09.42.52:289][  0]LogShaderLibrary: Display: ShaderCodeLibraryPakFileMountedCallback: PakFile 'C:/Program Files/Epic Games/UE_4.27/FeaturePacks/TP_TopDown.upack' (chunk index -1, root 'root:/') mounted
[2022.06.24-09.42.52:289][  0]LogShaderLibrary: Display: ShaderCodeLibraryPakFileMountedCallback: pending pak file info (ChunkID:-1 Root:root:/ File:C:/Program Files/Epic Games/UE_4.27/FeaturePacks/TP_TopDown.upack)
[2022.06.24-09.42.52:289][  0]LogPakFile: OnPakFileMounted2Time == 0.000040
[2022.06.24-09.42.52:291][  0]LogPakFile: PakFile PrimaryIndexSize=185
[2022.06.24-09.42.52:291][  0]LogPakFile: PakFile PathHashIndexSize=101
[2022.06.24-09.42.52:291][  0]LogPakFile: PakFile FullDirectoryIndexSize=144
[2022.06.24-09.42.52:291][  0]LogShaderLibrary: Display: ShaderCodeLibraryPakFileMountedCallback: PakFile 'C:/Program Files/Epic Games/UE_4.27/FeaturePacks/TP_TopDownBP.upack' (chunk index -1, root 'root:/') mounted
[2022.06.24-09.42.52:291][  0]LogShaderLibrary: Display: ShaderCodeLibraryPakFileMountedCallback: pending pak file info (ChunkID:-1 Root:root:/ File:C:/Program Files/Epic Games/UE_4.27/FeaturePacks/TP_TopDownBP.upack)
[2022.06.24-09.42.52:291][  0]LogPakFile: OnPakFileMounted2Time == 0.000034
[2022.06.24-09.42.52:293][  0]LogPakFile: PakFile PrimaryIndexSize=185
[2022.06.24-09.42.52:293][  0]LogPakFile: PakFile PathHashIndexSize=101
[2022.06.24-09.42.52:293][  0]LogPakFile: PakFile FullDirectoryIndexSize=144
[2022.06.24-09.42.52:293][  0]LogShaderLibrary: Display: ShaderCodeLibraryPakFileMountedCallback: PakFile 'C:/Program Files/Epic Games/UE_4.27/FeaturePacks/TP_TwinStick.upack' (chunk index -1, root 'root:/') mounted
[2022.06.24-09.42.52:293][  0]LogShaderLibrary: Display: ShaderCodeLibraryPakFileMountedCallback: pending pak file info (ChunkID:-1 Root:root:/ File:C:/Program Files/Epic Games/UE_4.27/FeaturePacks/TP_TwinStick.upack)
[2022.06.24-09.42.52:293][  0]LogPakFile: OnPakFileMounted2Time == 0.000035
[2022.06.24-09.42.52:295][  0]LogPakFile: PakFile PrimaryIndexSize=187
[2022.06.24-09.42.52:295][  0]LogPakFile: PakFile PathHashIndexSize=101
[2022.06.24-09.42.52:295][  0]LogPakFile: PakFile FullDirectoryIndexSize=148
[2022.06.24-09.42.52:295][  0]LogShaderLibrary: Display: ShaderCodeLibraryPakFileMountedCallback: PakFile 'C:/Program Files/Epic Games/UE_4.27/FeaturePacks/TP_TwinStickBP.upack' (chunk index -1, root 'root:/') mounted
[2022.06.24-09.42.52:295][  0]LogShaderLibrary: Display: ShaderCodeLibraryPakFileMountedCallback: pending pak file info (ChunkID:-1 Root:root:/ File:C:/Program Files/Epic Games/UE_4.27/FeaturePacks/TP_TwinStickBP.upack)
[2022.06.24-09.42.52:295][  0]LogPakFile: OnPakFileMounted2Time == 0.000033
[2022.06.24-09.42.52:297][  0]LogPakFile: PakFile PrimaryIndexSize=183
[2022.06.24-09.42.52:297][  0]LogPakFile: PakFile PathHashIndexSize=101
[2022.06.24-09.42.52:297][  0]LogPakFile: PakFile FullDirectoryIndexSize=140
[2022.06.24-09.42.52:297][  0]LogShaderLibrary: Display: ShaderCodeLibraryPakFileMountedCallback: PakFile 'C:/Program Files/Epic Games/UE_4.27/FeaturePacks/TP_Vehicle.upack' (chunk index -1, root 'root:/') mounted
[2022.06.24-09.42.52:297][  0]LogShaderLibrary: Display: ShaderCodeLibraryPakFileMountedCallback: pending pak file info (ChunkID:-1 Root:root:/ File:C:/Program Files/Epic Games/UE_4.27/FeaturePacks/TP_Vehicle.upack)
[2022.06.24-09.42.52:297][  0]LogPakFile: OnPakFileMounted2Time == 0.000039
[2022.06.24-09.42.52:300][  0]LogPakFile: PakFile PrimaryIndexSize=186
[2022.06.24-09.42.52:300][  0]LogPakFile: PakFile PathHashIndexSize=101
[2022.06.24-09.42.52:300][  0]LogPakFile: PakFile FullDirectoryIndexSize=146
[2022.06.24-09.42.52:300][  0]LogShaderLibrary: Display: ShaderCodeLibraryPakFileMountedCallback: PakFile 'C:/Program Files/Epic Games/UE_4.27/FeaturePacks/TP_VehicleAdv.upack' (chunk index -1, root 'root:/') mounted
[2022.06.24-09.42.52:300][  0]LogShaderLibrary: Display: ShaderCodeLibraryPakFileMountedCallback: pending pak file info (ChunkID:-1 Root:root:/ File:C:/Program Files/Epic Games/UE_4.27/FeaturePacks/TP_VehicleAdv.upack)
[2022.06.24-09.42.52:300][  0]LogPakFile: OnPakFileMounted2Time == 0.000034
[2022.06.24-09.42.52:301][  0]LogPakFile: PakFile PrimaryIndexSize=188
[2022.06.24-09.42.52:301][  0]LogPakFile: PakFile PathHashIndexSize=101
[2022.06.24-09.42.52:301][  0]LogPakFile: PakFile FullDirectoryIndexSize=150
[2022.06.24-09.42.52:301][  0]LogShaderLibrary: Display: ShaderCodeLibraryPakFileMountedCallback: PakFile 'C:/Program Files/Epic Games/UE_4.27/FeaturePacks/TP_VehicleAdvBP.upack' (chunk index -1, root 'root:/') mounted
[2022.06.24-09.42.52:301][  0]LogShaderLibrary: Display: ShaderCodeLibraryPakFileMountedCallback: pending pak file info (ChunkID:-1 Root:root:/ File:C:/Program Files/Epic Games/UE_4.27/FeaturePacks/TP_VehicleAdvBP.upack)
[2022.06.24-09.42.52:301][  0]LogPakFile: OnPakFileMounted2Time == 0.000033
[2022.06.24-09.42.52:303][  0]LogPakFile: PakFile PrimaryIndexSize=185
[2022.06.24-09.42.52:303][  0]LogPakFile: PakFile PathHashIndexSize=101
[2022.06.24-09.42.52:303][  0]LogPakFile: PakFile FullDirectoryIndexSize=144
[2022.06.24-09.42.52:303][  0]LogShaderLibrary: Display: ShaderCodeLibraryPakFileMountedCallback: PakFile 'C:/Program Files/Epic Games/UE_4.27/FeaturePacks/TP_VehicleBP.upack' (chunk index -1, root 'root:/') mounted
[2022.06.24-09.42.52:303][  0]LogShaderLibrary: Display: ShaderCodeLibraryPakFileMountedCallback: pending pak file info (ChunkID:-1 Root:root:/ File:C:/Program Files/Epic Games/UE_4.27/FeaturePacks/TP_VehicleBP.upack)
[2022.06.24-09.42.52:303][  0]LogPakFile: OnPakFileMounted2Time == 0.000034
[2022.06.24-09.42.52:306][  0]LogPakFile: PakFile PrimaryIndexSize=192
[2022.06.24-09.42.52:306][  0]LogPakFile: PakFile PathHashIndexSize=101
[2022.06.24-09.42.52:306][  0]LogPakFile: PakFile FullDirectoryIndexSize=158
[2022.06.24-09.42.52:306][  0]LogShaderLibrary: Display: ShaderCodeLibraryPakFileMountedCallback: PakFile 'C:/Program Files/Epic Games/UE_4.27/FeaturePacks/TP_VirtualRealityBP.upack' (chunk index -1, root 'root:/') mounted
[2022.06.24-09.42.52:306][  0]LogShaderLibrary: Display: ShaderCodeLibraryPakFileMountedCallback: pending pak file info (ChunkID:-1 Root:root:/ File:C:/Program Files/Epic Games/UE_4.27/FeaturePacks/TP_VirtualRealityBP.upack)
[2022.06.24-09.42.52:306][  0]LogPakFile: OnPakFileMounted2Time == 0.000034
[2022.06.24-09.42.52:475][  0]LogNativeClassHierarchy: Verbose: Native class hierarchy updated for 'AddContentDialog' in 0.0003 seconds. Added 0 classes and 0 folders.
[2022.06.24-09.42.52:489][  0]LogNativeClassHierarchy: Verbose: Native class hierarchy updated for 'SceneOutliner' in 0.0003 seconds. Added 2 classes and 0 folders.
[2022.06.24-09.42.52:736][  0]LogSlate: Took 0.000989 seconds to synchronously load lazily loaded font '../../../Engine/Content/Slate/Fonts/Roboto-Regular.ttf' (155K)
[2022.06.24-09.42.52:740][  0]LogSlate: Took 0.001662 seconds to synchronously load lazily loaded font '../../../Engine/Content/Editor/Slate/Fonts/FontAwesome.ttf' (139K)
[2022.06.24-09.42.52:747][  0]LogSlate: Took 0.002684 seconds to synchronously load lazily loaded font '../../../Engine/Content/Slate/Fonts/Roboto-Bold.ttf' (160K)
[2022.06.24-09.42.52:872][  0]LogRenderer: Reallocating scene render targets to support 964x424 Format 10 NumSamples 1 (Frame:1).
[2022.06.24-09.42.53:008][  0]LogSlate: Took 0.001256 seconds to synchronously load lazily loaded font '../../../Engine/Content/Slate/Fonts/Roboto-Light.ttf' (167K)
[2022.06.24-09.42.53:097][  0]LogNativeClassHierarchy: Verbose: Native class hierarchy updated for 'HierarchicalLODOutliner' in 0.0008 seconds. Added 0 classes and 0 folders.
[2022.06.24-09.42.53:098][  0]LogInput: Warning: Action SetDestination uses invalid key OculusGo_Left_Trigger_Click.
[2022.06.24-09.42.53:098][  0]LogInput: Warning: Action ResetVR uses invalid key OculusGo_Left_Back_Click.
[2022.06.24-09.42.53:098][  0]LogInput: Warning: Use -RemoveInvalidKeys to remove instances of these keys from the action mapping.
[2022.06.24-09.42.53:098][  0]LogLoad: (Engine Initialization) Total time: 15.35 seconds
[2022.06.24-09.42.53:098][  0]LogLoad: (Engine Initialization) Total Blueprint compile time: 0.00 seconds
[2022.06.24-09.42.53:253][  0]LogAssetRegistry: Asset discovery search completed in 8.6345 seconds
[2022.06.24-09.42.53:282][  0]LogCollectionManager: Fixed up redirectors for 0 collections in 0.000005 seconds (updated 0 objects)
[2022.06.24-09.42.53:289][  0]LogContentStreaming: Texture pool size now 1000 MB
[2022.06.24-09.42.54:126][ 38]LogSlate: Took 0.000152 seconds to synchronously load lazily loaded font '../../../Engine/Content/Slate/Fonts/Roboto-Light.ttf' (167K)
[2022.06.24-09.43.05:960][737]LogAssetEditorSubsystem: Opening Asset editor for WidgetBlueprint /Game/TopDownBP/Blueprints/BP_TurnOrder.BP_TurnOrder
[2022.06.24-09.43.06:134][737]LogNativeClassHierarchy: Verbose: Native class hierarchy updated for 'BlueprintGraph' in 0.0016 seconds. Added 126 classes and 0 folders.
[2022.06.24-09.43.07:037][737]LogAssetEditorSubsystem: Opening Asset editor for WidgetBlueprint /Game/TopDownBP/Blueprints/BP_CurrentCharacteDetails.BP_CurrentCharacteDetails
[2022.06.24-09.43.07:609][737]LogSlate: Took 0.001042 seconds to synchronously load lazily loaded font '../../../Engine/Content/Slate/Fonts/Roboto-BoldCondensed.ttf' (158K)
[2022.06.24-09.43.09:554][848]LogSlate: Window 'BP_TurnOrder' being destroyed
[2022.06.24-09.43.11:040][937]LogTemp: Repeating last play command: Selected Viewport
[2022.06.24-09.43.11:051][937]LogPlayLevel: PlayLevel: No blueprints needed recompiling
[2022.06.24-09.43.11:056][937]PIE: New page: PIE session: TopDownExampleMap (24 Jun 2022, 11:43:11)
[2022.06.24-09.43.11:058][937]LogOnline: OSS: Creating online subsystem instance for: NULL
[2022.06.24-09.43.11:060][937]LogOnline: OSS: TryLoadSubsystemAndSetDefault: Loaded subsystem for module [NULL]
[2022.06.24-09.43.11:060][937]LogPlayLevel: Creating play world package: /Game/TopDownBP/Maps/UEDPIE_0_TopDownExampleMap
[2022.06.24-09.43.11:084][937]LogPlayLevel: PIE: StaticDuplicateObject took: (0.023265s)
[2022.06.24-09.43.11:086][937]LogAIModule: Creating AISystem for world TopDownExampleMap
[2022.06.24-09.43.11:086][937]LogPlayLevel: PIE: World Init took: (0.001666s)
[2022.06.24-09.43.11:086][937]LogPlayLevel: PIE: Created PIE world by copying editor world from /Game/TopDownBP/Maps/TopDownExampleMap.TopDownExampleMap to /Game/TopDownBP/Maps/UEDPIE_0_TopDownExampleMap.TopDownExampleMap (0.025562s)
[2022.06.24-09.43.11:144][937]LogUObjectHash: Compacting FUObjectHashTables data took   4.99ms
[2022.06.24-09.43.11:146][937]LogAudio: Display: Creating Audio Device:                 Id: 2, Scope: Unique, Realtime: True
[2022.06.24-09.43.11:146][937]LogAudioMixer: Display: Audio Mixer Platform Settings:
[2022.06.24-09.43.11:146][937]LogAudioMixer: Display: 	Sample Rate:						  48000
[2022.06.24-09.43.11:146][937]LogAudioMixer: Display: 	Callback Buffer Frame Size Requested: 1024
[2022.06.24-09.43.11:146][937]LogAudioMixer: Display: 	Callback Buffer Frame Size To Use:	  1024
[2022.06.24-09.43.11:146][937]LogAudioMixer: Display: 	Number of buffers to queue:			  2
[2022.06.24-09.43.11:146][937]LogAudioMixer: Display: 	Max Channels (voices):				  32
[2022.06.24-09.43.11:146][937]LogAudioMixer: Display: 	Number of Async Source Workers:		  0
[2022.06.24-09.43.11:146][937]LogAudio: Display: AudioDevice MaxSources: 32
[2022.06.24-09.43.11:147][937]LogAudio: Display: Audio Spatialization Plugin: None (built-in).
[2022.06.24-09.43.11:147][937]LogAudio: Display: Audio Reverb Plugin: None (built-in).
[2022.06.24-09.43.11:147][937]LogAudio: Display: Audio Occlusion Plugin: None (built-in).
[2022.06.24-09.43.11:147][937]LogAudioMixer: Display: Initializing audio mixer.
[2022.06.24-09.43.11:149][937]LogAudioMixer: Display: 0: FrontLeft
[2022.06.24-09.43.11:149][937]LogAudioMixer: Display: 1: FrontRight
[2022.06.24-09.43.11:166][937]LogAudioMixer: Display: Using Audio Device Speakers (Realtek(R) Audio)
[2022.06.24-09.43.11:166][937]LogAudioMixer: Display: Initializing Sound Submixes...
[2022.06.24-09.43.11:166][937]LogAudioMixer: Display: Creating Master Submix 'MasterSubmixDefault'
[2022.06.24-09.43.11:166][937]LogAudioMixer: Display: Creating Master Submix 'MasterReverbSubmixDefault'
[2022.06.24-09.43.11:166][937]LogAudioMixer: Display: Creating Master Submix 'MasterEQSubmixDefault'
[2022.06.24-09.43.11:166][937]LogAudioMixer: FMixerPlatformXAudio2::StartAudioStream() called
[2022.06.24-09.43.11:166][937]LogAudioMixer: Display: Output buffers initialized: Frames=1024, Channels=2, Samples=2048
[2022.06.24-09.43.11:167][937]LogAudioMixer: Display: Starting AudioMixerPlatformInterface::RunInternal()
[2022.06.24-09.43.11:167][937]LogAudioMixer: Display: FMixerPlatformXAudio2::SubmitBuffer() called for the first time
[2022.06.24-09.43.11:167][937]LogInit: FAudioDevice initialized.
[2022.06.24-09.43.11:167][937]LogAudio: Display: Audio Device (ID: 2) registered with world 'TopDownExampleMap'.
[2022.06.24-09.43.11:202][937]LogSlate: Updating window title bar state: overlay mode, drag disabled, window buttons hidden, title bar hidden
[2022.06.24-09.43.11:202][937]LogLoad: Game class is 'GameManager_C'
[2022.06.24-09.43.11:207][937]LogWorld: Bringing World /Game/TopDownBP/Maps/UEDPIE_0_TopDownExampleMap.TopDownExampleMap up for play (max tick rate 60) at 2022.06.24-10.43.11
[2022.06.24-09.43.11:209][937]LogWorld: Bringing up level for play took: 0.005975
[2022.06.24-09.43.11:212][937]LogOnline: OSS: Creating online subsystem instance for: :Context_7
[2022.06.24-09.43.11:232][937]LogNativeClassHierarchy: Verbose: Native class hierarchy updated for 'MovieSceneCapture' in 0.0003 seconds. Added 20 classes and 0 folders.
[2022.06.24-09.43.11:239][937]PIE: Server logged in
[2022.06.24-09.43.11:239][937]PIE: Play in editor total start time 0.192 seconds.
[2022.06.24-09.43.11:302][938]LogRenderer: Reallocating scene render targets to support 1288x792 Format 10 NumSamples 1 (Frame:1).
